2025-06-04 15:28:26,265 - __main__ - INFO - Starting Neural Architecture Search
2025-06-04 15:28:26,265 - __main__ - INFO - Logs will be written to: /mnt/c/study/paper/diploma/logs/20250604/ga_run_20250604_152826.log
2025-06-04 15:28:28,802 - __main__ - INFO - Configuration updated through interactive mode
2025-06-04 15:28:28,804 - __main__ - INFO - Configuring GPU settings...
2025-06-04 15:28:28,805 - __main__ - INFO - Mixed precision enabled
2025-06-04 15:28:28,806 - __main__ - INFO - Loading dataset from /mnt/c/study/paper/diploma/datasets/daily_sunspots_lags.csv
2025-06-04 15:28:28,903 - __main__ - INFO - Dataset shapes:
2025-06-04 15:28:28,904 - __main__ - INFO - Training: X=(40918, 7), y=(40918,)
2025-06-04 15:28:28,904 - __main__ - INFO - Validation: X=(10230, 7), y=(10230,)
2025-06-04 15:28:28,905 - __main__ - INFO - Test: X=(12787, 7), y=(12787,)
2025-06-04 15:28:28,909 - initializer - INFO - Создана simple гибридная архитектура из 4 слоев
2025-06-04 15:28:28,909 - initializer - INFO - Генерируется параллельная архитектура с 2 ветвями
2025-06-04 15:28:28,909 - initializer - INFO - Создана simple гибридная архитектура из 4 слоев
2025-06-04 15:28:28,910 - initializer - INFO - Создана simple гибридная архитектура из 4 слоев
2025-06-04 15:28:28,910 - initializer - INFO - Генерируется Conv-Dense архитектура: 1 conv слоев
2025-06-04 15:28:28,910 - initializer - INFO - Генерируется Conv-Dense архитектура: 2 conv слоев
2025-06-04 15:28:28,910 - initializer - INFO - Генерируется Conv-Dense архитектура: 2 conv слоев
2025-06-04 15:28:28,910 - initializer - INFO - Генерируется Conv-Dense архитектура: 1 conv слоев
2025-06-04 15:28:28,911 - initializer - INFO - Генерируется RNN архитектура: 2 GRU слоев
2025-06-04 15:28:28,911 - initializer - INFO - Генерируется RNN архитектура: 2 GRU слоев
2025-06-04 15:28:28,911 - initializer - INFO - Генерируется случайная архитектура из 3 блоков
2025-06-04 15:28:28,912 - initializer - INFO - Генерируется Conv-Dense архитектура: 3 conv слоев
2025-06-04 15:28:28,912 - nas_genetic_alg - INFO - GA started: pop=10, gens=5
2025-06-04 15:28:28,912 - nas_genetic_alg - INFO - 
=== Generation 0 ===
2025-06-04 15:28:28,913 - evaluator - INFO - Запускаем параллельную оценку: 10 архитектур, 4 процессов
2025-06-04 15:35:06,641 - evaluator - INFO - Оценка завершена. Фитнесы: [483.82681420124214, inf, 444.1105675483572, 504.7205037281248, 451.50517494980727, 864.4244692507, 761.2661635783709, 787.885068816597, 1308.272130971336, 435.4521642279727]
2025-06-04 15:35:06,643 - nas_genetic_alg - INFO - Ind 0: fit=483.8268, val_loss=482.5530, arch=[{'layer': 'Conv1D', 'filters': 64, 'kernel_size': 3, 'strides': 1, 'padding': 'valid', 'activation': 'relu', 'batch_norm': False, 'dropout': 0.2, 'pooling': 'max3'}, {'layer': 'GRU', 'units': 32, 'activation': 'tanh', 'return_sequences': False, 'dropout': 0.2, 'recurrent_dropout': 0.0}, {'layer': 'Dense', 'units': 64, 'activation': 'elu', 'kernel_regularizer': None, 'dropout': 0.2}, {'layer': 'Dense', 'units': 1, 'activation': 'linear', 'kernel_regularizer': 'L1', 'coef_regularizer': 0.0001, 'dropout': 0.0}]
2025-06-04 15:35:06,643 - nas_genetic_alg - INFO - Ind 1: fit=inf, val_loss=inf, arch={'parallel': {'branch_1_hybrid': [{'layer': 'Conv1D', 'filters': 64, 'kernel_size': 7, 'strides': 2, 'padding': 'valid', 'activation': 'swish', 'batch_norm': True, 'dropout': 0.2, 'pooling': None}, {'layer': 'GRU', 'units': 256, 'activation': 'tanh', 'return_sequences': False, 'dropout': 0.0, 'recurrent_dropout': 0.0}, {'layer': 'Dense', 'units': 32, 'activation': 'tanh', 'kernel_regularizer': None, 'dropout': 0.3}, {'layer': 'Dense', 'units': 1, 'activation': 'linear', 'kernel_regularizer': None, 'dropout': 0.0}], 'branch_2_hybrid': [{'layer': 'Conv1D', 'filters': 64, 'kernel_size': 3, 'strides': 2, 'padding': 'same', 'activation': 'elu', 'batch_norm': True, 'dropout': 0.2, 'pooling': None}, {'layer': 'LSTM', 'units': 32, 'activation': 'tanh', 'return_sequences': False, 'dropout': 0.0, 'recurrent_dropout': 0.0, 'recurrent_activation': 'sigmoid', 'use_bias': True}, {'layer': 'Dense', 'units': 64, 'activation': 'relu', 'kernel_regularizer': None, 'dropout': 0.1}, {'layer': 'Dense', 'units': 1, 'activation': 'linear', 'kernel_regularizer': 'L1L2', 'coef_regularizer': 0.001, 'dropout': 0.0}]}}
2025-06-04 15:35:06,643 - nas_genetic_alg - INFO - Ind 2: fit=444.1106, val_loss=443.2619, arch=[{'layer': 'Conv1D', 'filters': 32, 'kernel_size': 7, 'strides': 1, 'padding': 'valid', 'activation': 'elu', 'batch_norm': True, 'dropout': 0.2, 'pooling': None}, {'layer': 'GlobalAvgPool1D'}, {'layer': 'Dense', 'units': 1, 'activation': 'linear', 'kernel_regularizer': 'L1', 'coef_regularizer': 0.001, 'dropout': 0.0}]
2025-06-04 15:35:06,644 - nas_genetic_alg - INFO - Ind 3: fit=504.7205, val_loss=503.3491, arch=[{'layer': 'Conv1D', 'filters': 32, 'kernel_size': 5, 'strides': 1, 'padding': 'same', 'activation': 'swish', 'batch_norm': False, 'dropout': 0.1, 'pooling': 'max3'}, {'layer': 'Conv1D', 'filters': 256, 'kernel_size': 3, 'strides': 2, 'padding': 'valid', 'activation': 'swish', 'batch_norm': True, 'dropout': 0.1, 'pooling': None}, {'layer': 'GlobalAvgPool1D'}, {'layer': 'Dense', 'units': 64, 'activation': 'relu', 'kernel_regularizer': 'L2', 'coef_regularizer': 0.0001, 'dropout': 0.1}, {'layer': 'Dense', 'units': 1, 'activation': 'linear', 'kernel_regularizer': None, 'dropout': 0.0}]
2025-06-04 15:35:06,644 - nas_genetic_alg - INFO - Ind 4: fit=451.5052, val_loss=450.2525, arch=[{'layer': 'Conv1D', 'filters': 32, 'kernel_size': 7, 'strides': 2, 'padding': 'valid', 'activation': 'swish', 'batch_norm': False, 'dropout': 0.2, 'pooling': None}, {'layer': 'Conv1D', 'filters': 64, 'kernel_size': 5, 'strides': 1, 'padding': 'same', 'activation': 'swish', 'batch_norm': True, 'dropout': 0.1, 'pooling': 'max2'}, {'layer': 'GlobalAvgPool1D'}, {'layer': 'Dense', 'units': 32, 'activation': 'tanh', 'kernel_regularizer': None, 'dropout': 0.3}, {'layer': 'Dense', 'units': 1, 'activation': 'linear', 'kernel_regularizer': 'L1', 'coef_regularizer': 0.0001, 'dropout': 0.0}]
2025-06-04 15:35:06,644 - nas_genetic_alg - INFO - Ind 5: fit=864.4245, val_loss=863.6087, arch=[{'layer': 'Conv1D', 'filters': 32, 'kernel_size': 5, 'strides': 1, 'padding': 'valid', 'activation': 'relu', 'batch_norm': True, 'dropout': 0.2, 'pooling': 'max3'}, {'layer': 'GlobalAvgPool1D'}, {'layer': 'Dense', 'units': 1, 'activation': 'linear', 'kernel_regularizer': 'L2', 'coef_regularizer': 0.001, 'dropout': 0.0}]
2025-06-04 15:35:06,644 - nas_genetic_alg - INFO - Ind 6: fit=761.2662, val_loss=759.6390, arch=[{'layer': 'GRU', 'units': 256, 'activation': 'tanh', 'return_sequences': True, 'dropout': 0.0, 'recurrent_dropout': 0.1}, {'layer': 'GRU', 'units': 128, 'activation': 'tanh', 'return_sequences': False, 'dropout': 0.2, 'recurrent_dropout': 0.1}, {'layer': 'Dense', 'units': 1, 'activation': 'linear', 'kernel_regularizer': None, 'dropout': 0.0}]
2025-06-04 15:35:06,645 - nas_genetic_alg - INFO - Ind 7: fit=787.8851, val_loss=786.2972, arch=[{'layer': 'GRU', 'units': 64, 'activation': 'tanh', 'return_sequences': True, 'dropout': 0.2, 'recurrent_dropout': 0.1}, {'layer': 'GRU', 'units': 256, 'activation': 'tanh', 'return_sequences': False, 'dropout': 0.2, 'recurrent_dropout': 0.0}, {'layer': 'Dense', 'units': 1, 'activation': 'linear', 'kernel_regularizer': 'L1L2', 'coef_regularizer': 0.0001, 'dropout': 0.0}]
2025-06-04 15:35:06,645 - nas_genetic_alg - INFO - Ind 8: fit=1308.2721, val_loss=1306.6725, arch=[{'layer': 'LSTM', 'units': 256, 'activation': 'tanh', 'return_sequences': True, 'dropout': 0.2, 'recurrent_dropout': 0.1, 'recurrent_activation': 'sigmoid', 'use_bias': True}, {'layer': 'Conv1D', 'filters': 64, 'kernel_size': 3, 'strides': 1, 'padding': 'valid', 'activation': 'relu', 'batch_norm': False, 'dropout': 0.2, 'pooling': 'max2'}, {'layer': 'Dense', 'units': 1, 'activation': 'linear', 'kernel_regularizer': 'L1L2', 'coef_regularizer': 0.001, 'dropout': 0.0}]
2025-06-04 15:35:06,645 - nas_genetic_alg - INFO - Ind 9: fit=435.4522, val_loss=433.9495, arch=[{'layer': 'Conv1D', 'filters': 64, 'kernel_size': 3, 'strides': 1, 'padding': 'valid', 'activation': 'relu', 'batch_norm': False, 'dropout': 0.2, 'pooling': None}, {'layer': 'Conv1D', 'filters': 128, 'kernel_size': 3, 'strides': 1, 'padding': 'valid', 'activation': 'relu', 'batch_norm': False, 'dropout': 0.1, 'pooling': 'max2'}, {'layer': 'Conv1D', 'filters': 128, 'kernel_size': 5, 'strides': 1, 'padding': 'same', 'activation': 'elu', 'batch_norm': False, 'dropout': 0.0, 'pooling': None}, {'layer': 'GlobalAvgPool1D'}, {'layer': 'Dense', 'units': 128, 'activation': 'relu', 'kernel_regularizer': 'L1', 'coef_regularizer': 0.0001, 'dropout': 0.0}, {'layer': 'Dense', 'units': 1, 'activation': 'linear', 'kernel_regularizer': None, 'dropout': 0.0}]
2025-06-04 15:35:06,646 - nas_genetic_alg - INFO - Best fitness: 435.4522
2025-06-04 15:35:06,646 - selecter - INFO - Турнирная селекция с размером турнира 3
2025-06-04 15:35:06,647 - selecter - INFO - Отобрано 2 особей турнирной селекцией
2025-06-04 15:35:06,649 - crossover - INFO - Запуск скрещивания методом single_point
2025-06-04 15:35:06,650 - crossover - INFO - Скрещивание завершено успешно
2025-06-04 15:35:06,650 - nas_genetic_alg - INFO - 
=== Generation 1 ===
2025-06-04 15:35:06,650 - evaluator - INFO - Запускаем параллельную оценку: 3 архитектур, 4 процессов
2025-06-04 15:39:56,089 - evaluator - INFO - Оценка завершена. Фитнесы: [435.6434431090069, 447.1350063238271, 529.4422827977448]
2025-06-04 15:39:56,089 - nas_genetic_alg - INFO - Ind 0: fit=435.6434, val_loss=434.1669, arch=[{'layer': 'Conv1D', 'filters': 64, 'kernel_size': 3, 'strides': 1, 'padding': 'valid', 'activation': 'relu', 'batch_norm': False, 'dropout': 0.2, 'pooling': None}, {'layer': 'Conv1D', 'filters': 128, 'kernel_size': 3, 'strides': 1, 'padding': 'valid', 'activation': 'relu', 'batch_norm': False, 'dropout': 0.1, 'pooling': 'max2'}, {'layer': 'Conv1D', 'filters': 128, 'kernel_size': 5, 'strides': 1, 'padding': 'same', 'activation': 'elu', 'batch_norm': False, 'dropout': 0.0, 'pooling': None}, {'layer': 'GlobalAvgPool1D'}, {'layer': 'Dense', 'units': 128, 'activation': 'relu', 'kernel_regularizer': 'L1', 'coef_regularizer': 0.0001, 'dropout': 0.0}, {'layer': 'Dense', 'units': 1, 'activation': 'linear', 'kernel_regularizer': None, 'dropout': 0.0}]
2025-06-04 15:39:56,090 - nas_genetic_alg - INFO - Ind 1: fit=447.1350, val_loss=445.4557, arch=[{'layer': 'GRU', 'units': 256, 'activation': 'tanh', 'return_sequences': True, 'dropout': 0.0, 'recurrent_dropout': 0.1}, {'layer': 'GRU', 'units': 128, 'activation': 'tanh', 'return_sequences': False, 'dropout': 0.2, 'recurrent_dropout': 0.1}, {'layer': 'Conv1D', 'filters': 128, 'kernel_size': 5, 'strides': 1, 'padding': 'same', 'activation': 'elu', 'batch_norm': False, 'dropout': 0.0, 'pooling': None}, {'layer': 'GlobalAvgPool1D'}, {'layer': 'Dense', 'units': 128, 'activation': 'relu', 'kernel_regularizer': 'L1', 'coef_regularizer': 0.0001, 'dropout': 0.0}, {'layer': 'Dense', 'units': 1, 'activation': 'linear', 'kernel_regularizer': None, 'dropout': 0.0}]
2025-06-04 15:39:56,090 - nas_genetic_alg - INFO - Ind 2: fit=529.4423, val_loss=528.1878, arch=[{'layer': 'Conv1D', 'filters': 64, 'kernel_size': 3, 'strides': 1, 'padding': 'valid', 'activation': 'relu', 'batch_norm': False, 'dropout': 0.2, 'pooling': None}, {'layer': 'Conv1D', 'filters': 128, 'kernel_size': 3, 'strides': 1, 'padding': 'valid', 'activation': 'relu', 'batch_norm': False, 'dropout': 0.1, 'pooling': 'max2'}, {'layer': 'Dense', 'units': 1, 'activation': 'linear', 'kernel_regularizer': None, 'dropout': 0.0}]
2025-06-04 15:39:56,090 - nas_genetic_alg - INFO - Best fitness: 435.6434
2025-06-04 15:39:56,091 - selecter - INFO - Турнирная селекция с размером турнира 3
2025-06-04 15:39:56,091 - selecter - INFO - Отобрано 2 особей турнирной селекцией
2025-06-04 15:39:56,092 - crossover - INFO - Запуск скрещивания методом single_point
2025-06-04 15:39:56,092 - crossover - INFO - Скрещивание завершено успешно
2025-06-04 15:39:56,092 - nas_genetic_alg - INFO - 
=== Generation 2 ===
2025-06-04 15:39:56,092 - evaluator - INFO - Запускаем параллельную оценку: 3 архитектур, 4 процессов
2025-06-04 15:40:48,054 - evaluator - INFO - Оценка завершена. Фитнесы: [436.7660712105698, 435.6047302243635, 438.9402791351724]
2025-06-04 15:40:48,055 - nas_genetic_alg - INFO - Ind 0: fit=436.7661, val_loss=435.2941, arch=[{'layer': 'Conv1D', 'filters': 64, 'kernel_size': 3, 'strides': 1, 'padding': 'valid', 'activation': 'relu', 'batch_norm': False, 'dropout': 0.2, 'pooling': None}, {'layer': 'Conv1D', 'filters': 128, 'kernel_size': 3, 'strides': 1, 'padding': 'valid', 'activation': 'relu', 'batch_norm': False, 'dropout': 0.1, 'pooling': 'max2'}, {'layer': 'Conv1D', 'filters': 128, 'kernel_size': 5, 'strides': 1, 'padding': 'same', 'activation': 'elu', 'batch_norm': False, 'dropout': 0.0, 'pooling': None}, {'layer': 'GlobalAvgPool1D'}, {'layer': 'Dense', 'units': 128, 'activation': 'relu', 'kernel_regularizer': 'L1', 'coef_regularizer': 0.0001, 'dropout': 0.0}, {'layer': 'Dense', 'units': 1, 'activation': 'linear', 'kernel_regularizer': None, 'dropout': 0.0}]
2025-06-04 15:40:48,055 - nas_genetic_alg - INFO - Ind 1: fit=435.6047, val_loss=434.1332, arch=[{'layer': 'Conv1D', 'filters': 64, 'kernel_size': 3, 'strides': 1, 'padding': 'valid', 'activation': 'relu', 'batch_norm': False, 'dropout': 0.2, 'pooling': None}, {'layer': 'Conv1D', 'filters': 128, 'kernel_size': 3, 'strides': 1, 'padding': 'valid', 'activation': 'relu', 'batch_norm': False, 'dropout': 0.1, 'pooling': 'max2'}, {'layer': 'Conv1D', 'filters': 128, 'kernel_size': 5, 'strides': 1, 'padding': 'same', 'activation': 'elu', 'batch_norm': False, 'dropout': 0.0, 'pooling': None}, {'layer': 'GlobalAvgPool1D'}, {'layer': 'Dense', 'units': 128, 'activation': 'relu', 'kernel_regularizer': 'L1', 'coef_regularizer': 0.0001, 'dropout': 0.0}, {'layer': 'Dense', 'units': 1, 'activation': 'linear', 'kernel_regularizer': None, 'dropout': 0.0}]
2025-06-04 15:40:48,055 - nas_genetic_alg - INFO - Ind 2: fit=438.9403, val_loss=437.4835, arch=[{'layer': 'Conv1D', 'filters': 64, 'kernel_size': 3, 'strides': 1, 'padding': 'valid', 'activation': 'relu', 'batch_norm': False, 'dropout': 0.2, 'pooling': None}, {'layer': 'Conv1D', 'filters': 128, 'kernel_size': 3, 'strides': 1, 'padding': 'valid', 'activation': 'relu', 'batch_norm': False, 'dropout': 0.1, 'pooling': 'max2'}, {'layer': 'Conv1D', 'filters': 128, 'kernel_size': 5, 'strides': 1, 'padding': 'same', 'activation': 'elu', 'batch_norm': False, 'dropout': 0.0, 'pooling': None}, {'layer': 'GlobalAvgPool1D'}, {'layer': 'Dense', 'units': 128, 'activation': 'relu', 'kernel_regularizer': 'L1', 'coef_regularizer': 0.0001, 'dropout': 0.0}, {'layer': 'Dense', 'units': 1, 'activation': 'linear', 'kernel_regularizer': None, 'dropout': 0.0}]
2025-06-04 15:40:48,056 - nas_genetic_alg - INFO - Best fitness: 435.6047
2025-06-04 15:40:48,056 - selecter - INFO - Турнирная селекция с размером турнира 3
2025-06-04 15:40:48,056 - selecter - INFO - Отобрано 2 особей турнирной селекцией
2025-06-04 15:40:48,056 - crossover - INFO - Запуск скрещивания методом single_point
2025-06-04 15:40:48,057 - crossover - INFO - Скрещивание завершено успешно
2025-06-04 15:40:48,057 - mutator - INFO - MUTATE_LIST: Начало мутации
2025-06-04 15:40:48,057 - mutator - INFO -   Исходная архитектура: [{'layer': 'Conv1D', 'filters': 64, 'kernel_size': 3, 'strides': 1, 'padding': 'valid', 'activation': 'relu', 'batch_norm': False, 'dropout': 0.2, 'pooling': None}, {'layer': 'Conv1D', 'filters': 128, 'kernel_size': 3, 'strides': 1, 'padding': 'valid', 'activation': 'relu', 'batch_norm': False, 'dropout': 0.1, 'pooling': 'max2'}, {'layer': 'Conv1D', 'filters': 128, 'kernel_size': 5, 'strides': 1, 'padding': 'same', 'activation': 'elu', 'batch_norm': False, 'dropout': 0.0, 'pooling': None}, {'layer': 'GlobalAvgPool1D'}, {'layer': 'Dense', 'units': 128, 'activation': 'relu', 'kernel_regularizer': 'L1', 'coef_regularizer': 0.0001, 'dropout': 0.0}, {'layer': 'Dense', 'units': 1, 'activation': 'linear', 'kernel_regularizer': None, 'dropout': 0.0}]
2025-06-04 15:40:48,058 - mutator - INFO - MUTATE_LIST: Применены мутации: hyperparams
2025-06-04 15:40:48,058 - mutator - INFO -   Результат: [{'layer': 'Conv1D', 'filters': 64, 'kernel_size': 3, 'strides': 1, 'padding': 'valid', 'activation': 'relu', 'batch_norm': False, 'dropout': 0.2, 'pooling': None}, {'layer': 'Conv1D', 'filters': 96, 'kernel_size': 3, 'strides': 1, 'padding': 'valid', 'activation': 'relu', 'batch_norm': False, 'dropout': 0.1, 'pooling': 'max2'}, {'layer': 'Conv1D', 'filters': 64, 'kernel_size': 7, 'strides': 1, 'padding': 'same', 'activation': 'tanh', 'batch_norm': False, 'dropout': 0.191211447407231, 'pooling': None}, {'layer': 'GlobalAvgPool1D'}, {'layer': 'Dense', 'units': 128, 'activation': 'linear', 'kernel_regularizer': 'L1', 'coef_regularizer': 0.0001, 'dropout': 0.0}, {'layer': 'Dense', 'units': 8, 'activation': 'linear', 'kernel_regularizer': 'L1', 'dropout': 0.12288702680006314, 'coef_regularizer': 0.09485797999691188}]
2025-06-04 15:40:48,058 - nas_genetic_alg - INFO - 
=== Generation 3 ===
2025-06-04 15:40:48,058 - evaluator - INFO - Запускаем параллельную оценку: 3 архитектур, 4 процессов
2025-06-04 15:41:43,194 - evaluator - INFO - Оценка завершена. Фитнесы: [435.60737430116325, 436.757834231662, 445.0228926217286]
2025-06-04 15:41:43,195 - nas_genetic_alg - INFO - Ind 0: fit=435.6074, val_loss=434.1349, arch=[{'layer': 'Conv1D', 'filters': 64, 'kernel_size': 3, 'strides': 1, 'padding': 'valid', 'activation': 'relu', 'batch_norm': False, 'dropout': 0.2, 'pooling': None}, {'layer': 'Conv1D', 'filters': 128, 'kernel_size': 3, 'strides': 1, 'padding': 'valid', 'activation': 'relu', 'batch_norm': False, 'dropout': 0.1, 'pooling': 'max2'}, {'layer': 'Conv1D', 'filters': 128, 'kernel_size': 5, 'strides': 1, 'padding': 'same', 'activation': 'elu', 'batch_norm': False, 'dropout': 0.0, 'pooling': None}, {'layer': 'GlobalAvgPool1D'}, {'layer': 'Dense', 'units': 128, 'activation': 'relu', 'kernel_regularizer': 'L1', 'coef_regularizer': 0.0001, 'dropout': 0.0}, {'layer': 'Dense', 'units': 1, 'activation': 'linear', 'kernel_regularizer': None, 'dropout': 0.0}]
2025-06-04 15:41:43,195 - nas_genetic_alg - INFO - Ind 1: fit=436.7578, val_loss=435.2854, arch=[{'layer': 'Conv1D', 'filters': 64, 'kernel_size': 3, 'strides': 1, 'padding': 'valid', 'activation': 'relu', 'batch_norm': False, 'dropout': 0.2, 'pooling': None}, {'layer': 'Conv1D', 'filters': 128, 'kernel_size': 3, 'strides': 1, 'padding': 'valid', 'activation': 'relu', 'batch_norm': False, 'dropout': 0.1, 'pooling': 'max2'}, {'layer': 'Conv1D', 'filters': 128, 'kernel_size': 5, 'strides': 1, 'padding': 'same', 'activation': 'elu', 'batch_norm': False, 'dropout': 0.0, 'pooling': None}, {'layer': 'GlobalAvgPool1D'}, {'layer': 'Dense', 'units': 128, 'activation': 'relu', 'kernel_regularizer': 'L1', 'coef_regularizer': 0.0001, 'dropout': 0.0}, {'layer': 'Dense', 'units': 1, 'activation': 'linear', 'kernel_regularizer': None, 'dropout': 0.0}]
2025-06-04 15:41:43,195 - nas_genetic_alg - INFO - Ind 2: fit=445.0229, val_loss=443.6004, arch=[{'layer': 'Conv1D', 'filters': 64, 'kernel_size': 3, 'strides': 1, 'padding': 'valid', 'activation': 'relu', 'batch_norm': False, 'dropout': 0.2, 'pooling': None}, {'layer': 'Conv1D', 'filters': 96, 'kernel_size': 3, 'strides': 1, 'padding': 'valid', 'activation': 'relu', 'batch_norm': False, 'dropout': 0.1, 'pooling': 'max2'}, {'layer': 'Conv1D', 'filters': 64, 'kernel_size': 7, 'strides': 1, 'padding': 'same', 'activation': 'tanh', 'batch_norm': False, 'dropout': 0.191211447407231, 'pooling': None}, {'layer': 'GlobalAvgPool1D'}, {'layer': 'Dense', 'units': 128, 'activation': 'linear', 'kernel_regularizer': 'L1', 'coef_regularizer': 0.0001, 'dropout': 0.0}, {'layer': 'Dense', 'units': 8, 'activation': 'linear', 'kernel_regularizer': 'L1', 'dropout': 0.12288702680006314, 'coef_regularizer': 0.09485797999691188}]
2025-06-04 15:41:43,196 - nas_genetic_alg - INFO - Best fitness: 435.6074
2025-06-04 15:41:43,196 - selecter - INFO - Турнирная селекция с размером турнира 3
2025-06-04 15:41:43,196 - selecter - INFO - Отобрано 2 особей турнирной селекцией
2025-06-04 15:41:43,196 - nas_genetic_alg - INFO - 
=== Generation 4 ===
2025-06-04 15:41:43,197 - evaluator - INFO - Запускаем параллельную оценку: 3 архитектур, 4 процессов
2025-06-04 15:42:36,165 - evaluator - INFO - Оценка завершена. Фитнесы: [434.4455335735456, 432.8749190398769, 439.43062502910163]
2025-06-04 15:42:36,166 - nas_genetic_alg - INFO - Ind 0: fit=434.4455, val_loss=432.9729, arch=[{'layer': 'Conv1D', 'filters': 64, 'kernel_size': 3, 'strides': 1, 'padding': 'valid', 'activation': 'relu', 'batch_norm': False, 'dropout': 0.2, 'pooling': None}, {'layer': 'Conv1D', 'filters': 128, 'kernel_size': 3, 'strides': 1, 'padding': 'valid', 'activation': 'relu', 'batch_norm': False, 'dropout': 0.1, 'pooling': 'max2'}, {'layer': 'Conv1D', 'filters': 128, 'kernel_size': 5, 'strides': 1, 'padding': 'same', 'activation': 'elu', 'batch_norm': False, 'dropout': 0.0, 'pooling': None}, {'layer': 'GlobalAvgPool1D'}, {'layer': 'Dense', 'units': 128, 'activation': 'relu', 'kernel_regularizer': 'L1', 'coef_regularizer': 0.0001, 'dropout': 0.0}, {'layer': 'Dense', 'units': 1, 'activation': 'linear', 'kernel_regularizer': None, 'dropout': 0.0}]
2025-06-04 15:42:36,166 - nas_genetic_alg - INFO - Ind 1: fit=432.8749, val_loss=431.4018, arch=[{'layer': 'Conv1D', 'filters': 64, 'kernel_size': 3, 'strides': 1, 'padding': 'valid', 'activation': 'relu', 'batch_norm': False, 'dropout': 0.2, 'pooling': None}, {'layer': 'Conv1D', 'filters': 128, 'kernel_size': 3, 'strides': 1, 'padding': 'valid', 'activation': 'relu', 'batch_norm': False, 'dropout': 0.1, 'pooling': 'max2'}, {'layer': 'Conv1D', 'filters': 128, 'kernel_size': 5, 'strides': 1, 'padding': 'same', 'activation': 'elu', 'batch_norm': False, 'dropout': 0.0, 'pooling': None}, {'layer': 'GlobalAvgPool1D'}, {'layer': 'Dense', 'units': 128, 'activation': 'relu', 'kernel_regularizer': 'L1', 'coef_regularizer': 0.0001, 'dropout': 0.0}, {'layer': 'Dense', 'units': 1, 'activation': 'linear', 'kernel_regularizer': None, 'dropout': 0.0}]
2025-06-04 15:42:36,166 - nas_genetic_alg - INFO - Ind 2: fit=439.4306, val_loss=437.9576, arch=[{'layer': 'Conv1D', 'filters': 64, 'kernel_size': 3, 'strides': 1, 'padding': 'valid', 'activation': 'relu', 'batch_norm': False, 'dropout': 0.2, 'pooling': None}, {'layer': 'Conv1D', 'filters': 128, 'kernel_size': 3, 'strides': 1, 'padding': 'valid', 'activation': 'relu', 'batch_norm': False, 'dropout': 0.1, 'pooling': 'max2'}, {'layer': 'Conv1D', 'filters': 128, 'kernel_size': 5, 'strides': 1, 'padding': 'same', 'activation': 'elu', 'batch_norm': False, 'dropout': 0.0, 'pooling': None}, {'layer': 'GlobalAvgPool1D'}, {'layer': 'Dense', 'units': 128, 'activation': 'relu', 'kernel_regularizer': 'L1', 'coef_regularizer': 0.0001, 'dropout': 0.0}, {'layer': 'Dense', 'units': 1, 'activation': 'linear', 'kernel_regularizer': None, 'dropout': 0.0}]
2025-06-04 15:42:36,167 - nas_genetic_alg - INFO - Best fitness: 432.8749
2025-06-04 15:42:36,167 - selecter - INFO - Турнирная селекция с размером турнира 3
2025-06-04 15:42:36,167 - selecter - INFO - Отобрано 2 особей турнирной селекцией
2025-06-04 15:42:36,168 - crossover - INFO - Запуск скрещивания методом single_point
2025-06-04 15:42:36,168 - crossover - INFO - Скрещивание завершено успешно
2025-06-04 15:42:36,168 - evaluator - INFO - Запускаем параллельную оценку: 3 архитектур, 4 процессов
2025-06-04 15:43:26,313 - evaluator - INFO - Оценка завершена. Фитнесы: [438.14670104695256, 436.77357999371424, 438.99778327378243]
2025-06-04 15:43:26,314 - nas_genetic_alg - INFO - 
GA done. Best fitness: 436.7736
2025-06-04 15:43:26,314 - __main__ - INFO - Building best model with found architecture
2025-06-04 15:43:26,315 - builder - INFO - Начинаем построение модели. Input shape: (7,)
2025-06-04 15:43:26,316 - builder - INFO - Построение последовательной архитектуры из 6 слоёв
2025-06-04 15:43:27,075 - builder - INFO - Модель финализирована: вход (None, 7), выход (None, 1), params 109,064
2025-06-04 15:43:27,075 - builder - INFO - Модель успешно построена. Параметры: 109,064
2025-06-04 15:43:27,076 - __main__ - INFO - Compiling model
2025-06-04 15:43:27,101 - __main__ - INFO - Training final model
2025-06-04 15:44:05,753 - absl - WARNING - You are saving your model as an HDF5 file via `model.save()` or `keras.saving.save_model(model)`. This file format is considered legacy. We recommend using instead the native Keras format, e.g. `model.save('my_model.keras')` or `keras.saving.save_model(model, 'my_model.keras')`. 
2025-06-04 15:44:05,826 - __main__ - INFO - Best model saved to /mnt/c/study/paper/diploma/logs/20250604/models/best_model.h5
2025-06-04 15:44:08,048 - __main__ - INFO - Test metrics:
2025-06-04 15:44:08,049 - __main__ - INFO - loss: 425.9887
2025-06-04 15:44:08,049 - __main__ - INFO - mae: 14.0664
2025-06-04 15:44:08,050 - __main__ - INFO - mse: 425.9752
2025-06-04 15:44:09,459 - __main__ - INFO - y_test: min=0.0000, max=528.0000, mean=83.1741, std=76.3706, nan=0, inf=0
2025-06-04 15:44:09,462 - __main__ - INFO - y_pred_test: min=0.8374, max=478.5000, mean=inf, std=inf, nan=0, inf=0
2025-06-04 15:44:09,462 - __main__ - WARNING - y_pred_test содержит слишком большие значения! min=0.83740234375, max=478.5
2025-06-04 15:44:09,470 - __main__ - INFO - 
Detailed metrics:
2025-06-04 15:44:09,471 - __main__ - INFO - mse: 426.0000
2025-06-04 15:44:09,471 - __main__ - INFO - rmse: 20.6398
2025-06-04 15:44:09,471 - __main__ - INFO - mae: 14.0703
2025-06-04 15:44:09,471 - __main__ - INFO - r2: nan
2025-06-04 15:44:09,472 - __main__ - INFO - explained_variance: 0.9271
2025-06-04 15:44:09,474 - __main__ - INFO - Final configuration saved to /mnt/c/study/paper/diploma/logs/20250604/final_config.json
2025-06-04 15:44:09,474 - __main__ - INFO - 
Neural Architecture Search completed successfully!
2025-06-04 15:44:09,475 - __main__ - INFO - All results saved in: /mnt/c/study/paper/diploma/logs/20250604
2025-06-04 15:44:09,475 - __main__ - INFO - Summary of best model:
 128, 'activation': 'relu', 'kernel_regularizer': 'L1', 'coef_regularizer': 0.0001, 'dropout': 0.0}, {'layer': 'Dense', 'units': 1, 'activation': 'linear', 'kernel_regularizer': None, 'dropout': 0.0}]
2025-06-04 15:40:52,916 - evaluator - INFO - [Worker 1] Начинаем билд и обучение для архитектуры: [{'layer': 'Conv1D', 'filters': 64, 'kernel_size': 3, 'strides': 1, 'padding': 'valid', 'activation': 'relu', 'batch_norm': False, 'dropout': 0.2, 'pooling': None}, {'layer': 'Conv1D', 'filters': 128, 'kernel_size': 3, 'strides': 1, 'padding': 'valid', 'activation': 'relu', 'batch_norm': False, 'dropout': 0.1, 'pooling': 'max2'}, {'layer': 'Conv1D', 'filters': 128, 'kernel_size': 5, 'strides': 1, 'padding': 'same', 'activation': 'elu', 'batch_norm': False, 'dropout': 0.0, 'pooling': None}, {'layer': 'GlobalAvgPool1D'}, {'layer': 'Dense', 'units': 128, 'activation': 'relu', 'kernel_regularizer': 'L1', 'coef_regularizer': 0.0001, 'dropout': 0.0}, {'layer': 'Dense', 'units': 1, 'activation': 'linear', 'kernel_regularizer': None, 'dropout': 0.0}]
2025-06-04 15:40:52,916 - builder - INFO - Начинаем построение модели. Input shape: (7,)
2025-06-04 15:40:52,916 - builder - INFO - Начинаем построение модели. Input shape: (7,)
2025-06-04 15:40:52,917 - builder - INFO - Построение последовательной архитектуры из 6 слоёв
2025-06-04 15:40:52,917 - builder - INFO - Построение последовательной архитектуры из 6 слоёв
2025-06-04 15:40:52,949 - evaluator - INFO - [Worker 2] Начинаем билд и обучение для архитектуры: [{'layer': 'Conv1D', 'filters': 64, 'kernel_size': 3, 'strides': 1, 'padding': 'valid', 'activation': 'relu', 'batch_norm': False, 'dropout': 0.2, 'pooling': None}, {'layer': 'Conv1D', 'filters': 96, 'kernel_size': 3, 'strides': 1, 'padding': 'valid', 'activation': 'relu', 'batch_norm': False, 'dropout': 0.1, 'pooling': 'max2'}, {'layer': 'Conv1D', 'filters': 64, 'kernel_size': 7, 'strides': 1, 'padding': 'same', 'activation': 'tanh', 'batch_norm': False, 'dropout': 0.191211447407231, 'pooling': None}, {'layer': 'GlobalAvgPool1D'}, {'layer': 'Dense', 'units': 128, 'activation': 'linear', 'kernel_regularizer': 'L1', 'coef_regularizer': 0.0001, 'dropout': 0.0}, {'layer': 'Dense', 'units': 8, 'activation': 'linear', 'kernel_regularizer': 'L1', 'dropout': 0.12288702680006314, 'coef_regularizer': 0.09485797999691188}]
2025-06-04 15:40:52,950 - builder - INFO - Начинаем построение модели. Input shape: (7,)
2025-06-04 15:40:52,951 - builder - INFO - Построение последовательной архитектуры из 6 слоёв
2025-06-04 15:40:54,106 - builder - INFO - Модель финализирована: вход (None, 7), выход (None, 1), params 109,064
2025-06-04 15:40:54,107 - builder - INFO - Модель успешно построена. Параметры: 109,064
2025-06-04 15:40:54,147 - builder - INFO - Добавляем финальный Dense(1)
2025-06-04 15:40:54,158 - builder - INFO - Модель финализирована: вход (None, 7), выход (None, 1), params 109,064
2025-06-04 15:40:54,159 - builder - INFO - Модель успешно построена. Параметры: 109,064
2025-06-04 15:40:54,163 - builder - INFO - Модель финализирована: вход (None, 7), выход (None, 1), params 64,376
2025-06-04 15:40:54,163 - builder - INFO - Модель успешно построена. Параметры: 64,376
2025-06-04 15:41:40,071 - evaluator - INFO - [Worker 0] Оценка завершена: val_loss=434.1349, model_size=109064, train_time=45.95s
2025-06-04 15:41:40,131 - evaluator - INFO - [Worker 1] Оценка завершена: val_loss=435.2854, model_size=109064, train_time=45.96s
2025-06-04 15:41:42,788 - evaluator - INFO - [Worker 2] Оценка завершена: val_loss=443.6004, model_size=64376, train_time=48.61s
2025-06-04 15:41:47,953 - evaluator - INFO - [Worker 0] Начинаем билд и обучение для архитектуры: [{'layer': 'Conv1D', 'filters': 64, 'kernel_size': 3, 'strides': 1, 'padding': 'valid', 'activation': 'relu', 'batch_norm': False, 'dropout': 0.2, 'pooling': None}, {'layer': 'Conv1D', 'filters': 128, 'kernel_size': 3, 'strides': 1, 'padding': 'valid', 'activation': 'relu', 'batch_norm': False, 'dropout': 0.1, 'pooling': 'max2'}, {'layer': 'Conv1D', 'filters': 128, 'kernel_size': 5, 'strides': 1, 'padding': 'same', 'activation': 'elu', 'batch_norm': False, 'dropout': 0.0, 'pooling': None}, {'layer': 'GlobalAvgPool1D'}, {'layer': 'Dense', 'units': 128, 'activation': 'relu', 'kernel_regularizer': 'L1', 'coef_regularizer': 0.0001, 'dropout': 0.0}, {'layer': 'Dense', 'units': 1, 'activation': 'linear', 'kernel_regularizer': None, 'dropout': 0.0}]
2025-06-04 15:41:47,953 - evaluator - INFO - [Worker 1] Начинаем билд и обучение для архитектуры: [{'layer': 'Conv1D', 'filters': 64, 'kernel_size': 3, 'strides': 1, 'padding': 'valid', 'activation': 'relu', 'batch_norm': False, 'dropout': 0.2, 'pooling': None}, {'layer': 'Conv1D', 'filters': 128, 'kernel_size': 3, 'strides': 1, 'padding': 'valid', 'activation': 'relu', 'batch_norm': False, 'dropout': 0.1, 'pooling': 'max2'}, {'layer': 'Conv1D', 'filters': 128, 'kernel_size': 5, 'strides': 1, 'padding': 'same', 'activation': 'elu', 'batch_norm': False, 'dropout': 0.0, 'pooling': None}, {'layer': 'GlobalAvgPool1D'}, {'layer': 'Dense', 'units': 128, 'activation': 'relu', 'kernel_regularizer': 'L1', 'coef_regularizer': 0.0001, 'dropout': 0.0}, {'layer': 'Dense', 'units': 1, 'activation': 'linear', 'kernel_regularizer': None, 'dropout': 0.0}]
2025-06-04 15:41:47,953 - builder - INFO - Начинаем построение модели. Input shape: (7,)
2025-06-04 15:41:47,953 - builder - INFO - Начинаем построение модели. Input shape: (7,)
2025-06-04 15:41:47,955 - builder - INFO - Построение последовательной архитектуры из 6 слоёв
2025-06-04 15:41:47,955 - builder - INFO - Построение последовательной архитектуры из 6 слоёв
2025-06-04 15:41:48,024 - evaluator - INFO - [Worker 2] Начинаем билд и обучение для архитектуры: [{'layer': 'Conv1D', 'filters': 64, 'kernel_size': 3, 'strides': 1, 'padding': 'valid', 'activation': 'relu', 'batch_norm': False, 'dropout': 0.2, 'pooling': None}, {'layer': 'Conv1D', 'filters': 128, 'kernel_size': 3, 'strides': 1, 'padding': 'valid', 'activation': 'relu', 'batch_norm': False, 'dropout': 0.1, 'pooling': 'max2'}, {'layer': 'Conv1D', 'filters': 128, 'kernel_size': 5, 'strides': 1, 'padding': 'same', 'activation': 'elu', 'batch_norm': False, 'dropout': 0.0, 'pooling': None}, {'layer': 'GlobalAvgPool1D'}, {'layer': 'Dense', 'units': 128, 'activation': 'relu', 'kernel_regularizer': 'L1', 'coef_regularizer': 0.0001, 'dropout': 0.0}, {'layer': 'Dense', 'units': 1, 'activation': 'linear', 'kernel_regularizer': None, 'dropout': 0.0}]
2025-06-04 15:41:48,025 - builder - INFO - Начинаем построение модели. Input shape: (7,)
2025-06-04 15:41:48,026 - builder - INFO - Построение последовательной архитектуры из 6 слоёв
2025-06-04 15:41:49,109 - builder - INFO - Модель финализирована: вход (None, 7), выход (None, 1), params 109,064
2025-06-04 15:41:49,110 - builder - INFO - Модель успешно построена. Параметры: 109,064
2025-06-04 15:41:49,142 - builder - INFO - Модель финализирована: вход (None, 7), выход (None, 1), params 109,064
2025-06-04 15:41:49,143 - builder - INFO - Модель успешно построена. Параметры: 109,064
2025-06-04 15:41:49,197 - builder - INFO - Модель финализирована: вход (None, 7), выход (None, 1), params 109,064
2025-06-04 15:41:49,197 - builder - INFO - Модель успешно построена. Параметры: 109,064
2025-06-04 15:42:35,274 - evaluator - INFO - [Worker 0] Оценка завершена: val_loss=432.9729, model_size=109064, train_time=46.12s
2025-06-04 15:42:35,717 - evaluator - INFO - [Worker 2] Оценка завершена: val_loss=437.9576, model_size=109064, train_time=46.51s
2025-06-04 15:42:35,762 - evaluator - INFO - [Worker 1] Оценка завершена: val_loss=431.4018, model_size=109064, train_time=46.64s
2025-06-04 15:42:40,994 - evaluator - INFO - [Worker 0] Начинаем билд и обучение для архитектуры: [{'layer': 'Conv1D', 'filters': 64, 'kernel_size': 3, 'strides': 1, 'padding': 'valid', 'activation': 'relu', 'batch_norm': False, 'dropout': 0.2, 'pooling': None}, {'layer': 'Conv1D', 'filters': 128, 'kernel_size': 3, 'strides': 1, 'padding': 'valid', 'activation': 'relu', 'batch_norm': False, 'dropout': 0.1, 'pooling': 'max2'}, {'layer': 'Conv1D', 'filters': 128, 'kernel_size': 5, 'strides': 1, 'padding': 'same', 'activation': 'elu', 'batch_norm': False, 'dropout': 0.0, 'pooling': None}, {'layer': 'GlobalAvgPool1D'}, {'layer': 'Dense', 'units': 128, 'activation': 'relu', 'kernel_regularizer': 'L1', 'coef_regularizer': 0.0001, 'dropout': 0.0}, {'layer': 'Dense', 'units': 1, 'activation': 'linear', 'kernel_regularizer': None, 'dropout': 0.0}]
2025-06-04 15:42:40,995 - builder - INFO - Начинаем построение модели. Input shape: (7,)
2025-06-04 15:42:40,995 - builder - INFO - Построение последовательной архитектуры из 6 слоёв
2025-06-04 15:42:41,028 - evaluator - INFO - [Worker 2] Начинаем билд и обучение для архитектуры: [{'layer': 'Conv1D', 'filters': 64, 'kernel_size': 3, 'strides': 1, 'padding': 'valid', 'activation': 'relu', 'batch_norm': False, 'dropout': 0.2, 'pooling': None}, {'layer': 'Conv1D', 'filters': 128, 'kernel_size': 3, 'strides': 1, 'padding': 'valid', 'activation': 'relu', 'batch_norm': False, 'dropout': 0.1, 'pooling': 'max2'}, {'layer': 'Conv1D', 'filters': 128, 'kernel_size': 5, 'strides': 1, 'padding': 'same', 'activation': 'elu', 'batch_norm': False, 'dropout': 0.0, 'pooling': None}, {'layer': 'GlobalAvgPool1D'}, {'layer': 'Dense', 'units': 128, 'activation': 'relu', 'kernel_regularizer': 'L1', 'coef_regularizer': 0.0001, 'dropout': 0.0}, {'layer': 'Dense', 'units': 1, 'activation': 'linear', 'kernel_regularizer': None, 'dropout': 0.0}]
2025-06-04 15:42:41,028 - evaluator - INFO - [Worker 1] Начинаем билд и обучение для архитектуры: [{'layer': 'Conv1D', 'filters': 64, 'kernel_size': 3, 'strides': 1, 'padding': 'valid', 'activation': 'relu', 'batch_norm': False, 'dropout': 0.2, 'pooling': None}, {'layer': 'Conv1D', 'filters': 128, 'kernel_size': 3, 'strides': 1, 'padding': 'valid', 'activation': 'relu', 'batch_norm': False, 'dropout': 0.1, 'pooling': 'max2'}, {'layer': 'Conv1D', 'filters': 128, 'kernel_size': 5, 'strides': 1, 'padding': 'same', 'activation': 'elu', 'batch_norm': False, 'dropout': 0.0, 'pooling': None}, {'layer': 'GlobalAvgPool1D'}, {'layer': 'Dense', 'units': 128, 'activation': 'relu', 'kernel_regularizer': 'L1', 'coef_regularizer': 0.0001, 'dropout': 0.0}, {'layer': 'Dense', 'units': 1, 'activation': 'linear', 'kernel_regularizer': None, 'dropout': 0.0}]
2025-06-04 15:42:41,028 - builder - INFO - Начинаем построение модели. Input shape: (7,)
2025-06-04 15:42:41,029 - builder - INFO - Начинаем построение модели. Input shape: (7,)
2025-06-04 15:42:41,030 - builder - INFO - Построение последовательной архитектуры из 6 слоёв
2025-06-04 15:42:41,030 - builder - INFO - Построение последовательной архитектуры из 6 слоёв
2025-06-04 15:42:42,143 - builder - INFO - Модель финализирована: вход (None, 7), выход (None, 1), params 109,064
2025-06-04 15:42:42,144 - builder - INFO - Модель успешно построена. Параметры: 109,064
2025-06-04 15:42:42,183 - builder - INFO - Модель финализирована: вход (None, 7), выход (None, 1), params 109,064
2025-06-04 15:42:42,184 - builder - INFO - Модель успешно построена. Параметры: 109,064
2025-06-04 15:42:42,236 - builder - INFO - Модель финализирована: вход (None, 7), выход (None, 1), params 109,064
2025-06-04 15:42:42,236 - builder - INFO - Модель успешно построена. Параметры: 109,064
2025-06-04 15:43:13,819 - evaluator - INFO - [Worker 2] Оценка завершена: val_loss=437.5436, model_size=109064, train_time=31.57s
2025-06-04 15:43:25,781 - evaluator - INFO - [Worker 0] Оценка завершена: val_loss=436.6768, model_size=109064, train_time=43.62s
2025-06-04 15:43:25,944 - evaluator - INFO - [Worker 1] Оценка завершена: val_loss=435.3036, model_size=109064, train_time=43.75s
