2025-06-04 06:03:53,570 - __main__ - INFO - Starting Neural Architecture Search
2025-06-04 06:03:53,570 - __main__ - INFO - Logs will be written to: /mnt/c/study/paper/diploma/logs/20250604/ga_run_20250604_060353.log
2025-06-04 06:04:01,627 - __main__ - INFO - Configuration updated through interactive mode
2025-06-04 06:04:01,629 - __main__ - INFO - Configuring GPU settings...
2025-06-04 06:04:01,630 - __main__ - INFO - Mixed precision enabled
2025-06-04 06:04:01,631 - __main__ - INFO - Loading dataset from /mnt/c/study/paper/diploma/datasets/mackey_glass_dataset.csv
2025-06-04 06:04:01,882 - __main__ - INFO - Dataset shapes:
2025-06-04 06:04:01,883 - __main__ - INFO - Training: X=(12780, 30), y=(12780,)
2025-06-04 06:04:01,883 - __main__ - INFO - Validation: X=(3196, 30), y=(3196,)
2025-06-04 06:04:01,884 - __main__ - INFO - Test: X=(3994, 30), y=(3994,)
2025-06-04 06:04:01,887 - initializer - INFO - Создана simple гибридная архитектура из 4 слоев
2025-06-04 06:04:01,887 - initializer - INFO - Генерируется случайная архитектура из 2 блоков
2025-06-04 06:04:01,888 - initializer - INFO - Генерируется случайная архитектура из 2 блоков
2025-06-04 06:04:01,888 - initializer - INFO - Генерируется RNN архитектура: 3 GRU слоев
2025-06-04 06:04:01,888 - initializer - INFO - Генерируется параллельная архитектура с 2 ветвями
2025-06-04 06:04:01,889 - nas_genetic_alg - INFO - GA started: pop=5, gens=1
2025-06-04 06:04:01,889 - nas_genetic_alg - INFO - 
=== Generation 0 ===
2025-06-04 06:04:01,889 - evaluator - INFO - Запускаем параллельную оценку: 5 архитектур, 4 процессов
2025-06-04 06:13:10,067 - evaluator - INFO - Оценка завершена. Фитнесы: [1.3926232075844558, 1.5739863927377389, 1.0822843125829815, 1.5723447309555862, 1.384942359716448]
2025-06-04 06:13:10,069 - nas_genetic_alg - INFO - Ind 0: fit=1.3926, val_loss=0.0016, arch=[{'layer': 'Conv1D', 'filters': 32, 'kernel_size': 7, 'strides': 1, 'padding': 'valid', 'activation': 'swish', 'batch_norm': False, 'dropout': 0.0, 'pooling': None}, {'layer': 'GRU', 'units': 64, 'activation': 'tanh', 'return_sequences': False, 'dropout': 0.2, 'recurrent_dropout': 0.1}, {'layer': 'Dense', 'units': 32, 'activation': 'relu', 'kernel_regularizer': 'L1L2', 'coef_regularizer': 0.0001, 'dropout': 0.3}, {'layer': 'Dense', 'units': 1, 'activation': 'linear', 'kernel_regularizer': 'L1', 'coef_regularizer': 0.0001, 'dropout': 0.0}]
2025-06-04 06:13:10,069 - nas_genetic_alg - INFO - Ind 1: fit=1.5740, val_loss=0.0019, arch=[{'layer': 'LSTM', 'units': 256, 'activation': 'tanh', 'return_sequences': True, 'dropout': 0.0, 'recurrent_dropout': 0.1, 'recurrent_activation': 'sigmoid', 'use_bias': True}, {'layer': 'Conv1D', 'filters': 64, 'kernel_size': 7, 'strides': 2, 'padding': 'valid', 'activation': 'relu', 'batch_norm': True, 'dropout': 0.1, 'pooling': None}]
2025-06-04 06:13:10,069 - nas_genetic_alg - INFO - Ind 2: fit=1.0823, val_loss=0.0037, arch=[{'layer': 'Dense', 'units': 32, 'activation': 'elu', 'kernel_regularizer': 'L2', 'coef_regularizer': 0.001, 'dropout': 0.1}, {'layer': 'Conv1D', 'filters': 256, 'kernel_size': 5, 'strides': 2, 'padding': 'valid', 'activation': 'relu', 'batch_norm': False, 'dropout': 0.1, 'pooling': None}]
2025-06-04 06:13:10,070 - nas_genetic_alg - INFO - Ind 3: fit=1.5723, val_loss=0.0008, arch=[{'layer': 'GRU', 'units': 128, 'activation': 'tanh', 'return_sequences': True, 'dropout': 0.0, 'recurrent_dropout': 0.1}, {'layer': 'GRU', 'units': 128, 'activation': 'tanh', 'return_sequences': True, 'dropout': 0.0, 'recurrent_dropout': 0.0}, {'layer': 'GRU', 'units': 128, 'activation': 'tanh', 'return_sequences': False, 'dropout': 0.0, 'recurrent_dropout': 0.0}, {'layer': 'Dense', 'units': 1, 'activation': 'linear', 'kernel_regularizer': 'L1', 'coef_regularizer': 0.0001, 'dropout': 0.0}]
2025-06-04 06:13:10,070 - nas_genetic_alg - INFO - Ind 4: fit=1.3849, val_loss=0.0048, arch={'parallel': {'branch_1_rnn': [{'layer': 'RNN', 'units': 64, 'activation': 'tanh', 'return_sequences': True, 'dropout': 0.1, 'recurrent_dropout': 0.1}, {'layer': 'GRU', 'units': 64, 'activation': 'tanh', 'return_sequences': False, 'dropout': 0.0, 'recurrent_dropout': 0.1}], 'branch_2_rnn': [{'layer': 'RNN', 'units': 32, 'activation': 'tanh', 'return_sequences': False, 'dropout': 0.2, 'recurrent_dropout': 0.1}]}}
2025-06-04 06:13:10,070 - nas_genetic_alg - INFO - Best fitness: 1.0823
2025-06-04 06:13:10,071 - selecter - INFO - Турнирная селекция с размером турнира 3
2025-06-04 06:13:10,071 - selecter - INFO - Отобрано 2 особей турнирной селекцией
2025-06-04 06:13:10,071 - evaluator - INFO - Запускаем параллельную оценку: 3 архитектур, 4 процессов
2025-06-04 06:14:09,335 - evaluator - INFO - Оценка завершена. Фитнесы: [1.0705321412929953, 1.3382365284864095, 1.0496947250412008]
2025-06-04 06:14:09,336 - nas_genetic_alg - INFO - 
GA done. Best fitness: 1.0497
2025-06-04 06:14:09,336 - __main__ - INFO - Building best model with found architecture
2025-06-04 06:14:09,337 - builder - INFO - Начинаем построение модели. Input shape: (30,)
2025-06-04 06:14:09,338 - builder - INFO - Построение последовательной архитектуры из 2 слоёв
2025-06-04 06:14:10,137 - builder - INFO - Добавляем финальный Dense(1)
2025-06-04 06:14:10,153 - builder - INFO - Модель финализирована: вход (None, 30), выход (None, 1), params 6,113
2025-06-04 06:14:10,153 - builder - INFO - Модель успешно построена. Параметры: 6,113
2025-06-04 06:14:10,154 - __main__ - INFO - Compiling model
2025-06-04 06:14:10,179 - __main__ - INFO - Training final model
2025-06-04 06:14:10,238 - root - ERROR - An error occurred: 'str' object has no attribute 'set_model'
Traceback (most recent call last):
  File "/mnt/c/study/paper/diploma/diploma/main.py", line 566, in <module>
    main()
  File "/mnt/c/study/paper/diploma/diploma/main.py", line 492, in main
    history = best_model.fit(
              ^^^^^^^^^^^^^^^
  File "/home/aboba/miniconda3/envs/diploma/lib/python3.12/site-packages/keras/src/utils/traceback_utils.py", line 122, in error_handler
    raise e.with_traceback(filtered_tb) from None
  File "/home/aboba/miniconda3/envs/diploma/lib/python3.12/site-packages/keras/src/callbacks/callback_list.py", line 114, in set_model
    callback.set_model(model)
    ^^^^^^^^^^^^^^^^^^
AttributeError: 'str' object has no attribute 'set_model'
activation': 'tanh', 'return_sequences': False, 'dropout': 0.0, 'recurrent_dropout': 0.1}], 'branch_2_rnn': [{'layer': 'RNN', 'units': 32, 'activation': 'tanh', 'return_sequences': False, 'dropout': 0.2, 'recurrent_dropout': 0.1}]}}
2025-06-04 06:04:36,892 - builder - INFO - Начинаем построение модели. Input shape: (30,)
2025-06-04 06:04:36,893 - builder - INFO - Построение параллельной архитектуры с 2 ветвями
2025-06-04 06:04:36,894 - builder - INFO - Построение последовательной архитектуры из 2 слоёв
2025-06-04 06:04:37,183 - builder - INFO - Построение последовательной архитектуры из 1 слоёв
2025-06-04 06:04:37,220 - builder - INFO - Выполняется _smart_merge_branches
2025-06-04 06:04:37,257 - builder - INFO - Добавляем финальный Dense(1)
2025-06-04 06:04:37,273 - builder - INFO - Модель финализирована: вход (None, 30), выход (None, 1), params 43,457
2025-06-04 06:04:37,274 - builder - INFO - Модель успешно построена. Параметры: 43,457
2025-06-04 06:06:09,757 - evaluator - INFO - [Worker 1] Оценка завершена: val_loss=0.0019, model_size=408897, train_time=120.32s
2025-06-04 06:06:22,576 - evaluator - INFO - [Worker 3] Оценка завершена: val_loss=0.0008, model_size=259744, train_time=132.88s
2025-06-04 06:07:11,372 - evaluator - INFO - [Worker 4] Оценка завершена: val_loss=0.0048, model_size=43457, train_time=154.08s
2025-06-04 06:13:10,015 - evaluator - INFO - [Worker 0] Оценка завершена: val_loss=0.0016, model_size=21216, train_time=540.69s
2025-06-04 06:13:15,640 - evaluator - INFO - [Worker 0] Начинаем билд и обучение для архитектуры: [{'layer': 'Dense', 'units': 32, 'activation': 'elu', 'kernel_regularizer': 'L2', 'coef_regularizer': 0.001, 'dropout': 0.1}, {'layer': 'Conv1D', 'filters': 256, 'kernel_size': 5, 'strides': 2, 'padding': 'valid', 'activation': 'relu', 'batch_norm': False, 'dropout': 0.1, 'pooling': None}]
2025-06-04 06:13:15,640 - evaluator - INFO - [Worker 1] Начинаем билд и обучение для архитектуры: {'parallel': {'branch_1_rnn': [{'layer': 'RNN', 'units': 64, 'activation': 'tanh', 'return_sequences': True, 'dropout': 0.1, 'recurrent_dropout': 0.1}, {'layer': 'GRU', 'units': 64, 'activation': 'tanh', 'return_sequences': False, 'dropout': 0.0, 'recurrent_dropout': 0.1}], 'branch_2_rnn': [{'layer': 'RNN', 'units': 32, 'activation': 'tanh', 'return_sequences': False, 'dropout': 0.2, 'recurrent_dropout': 0.1}]}}
2025-06-04 06:13:15,640 - builder - INFO - Начинаем построение модели. Input shape: (30,)
2025-06-04 06:13:15,640 - builder - INFO - Начинаем построение модели. Input shape: (30,)
2025-06-04 06:13:15,641 - builder - INFO - Построение последовательной архитектуры из 2 слоёв
2025-06-04 06:13:15,642 - builder - INFO - Построение параллельной архитектуры с 2 ветвями
2025-06-04 06:13:15,642 - builder - INFO - Построение последовательной архитектуры из 2 слоёв
2025-06-04 06:13:15,670 - evaluator - INFO - [Worker 2] Начинаем билд и обучение для архитектуры: [{'layer': 'Dense', 'units': 32, 'activation': 'elu', 'kernel_regularizer': 'L2', 'coef_regularizer': 0.001, 'dropout': 0.1}, {'layer': 'Conv1D', 'filters': 256, 'kernel_size': 5, 'strides': 2, 'padding': 'valid', 'activation': 'relu', 'batch_norm': False, 'dropout': 0.1, 'pooling': None}]
2025-06-04 06:13:15,671 - builder - INFO - Начинаем построение модели. Input shape: (30,)
2025-06-04 06:13:15,673 - builder - INFO - Построение последовательной архитектуры из 2 слоёв
2025-06-04 06:13:16,987 - builder - INFO - Добавляем финальный Dense(1)
2025-06-04 06:13:17,008 - builder - INFO - Модель финализирована: вход (None, 30), выход (None, 1), params 6,113
2025-06-04 06:13:17,009 - builder - INFO - Модель успешно построена. Параметры: 6,113
2025-06-04 06:13:17,048 - builder - INFO - Добавляем финальный Dense(1)
2025-06-04 06:13:17,066 - builder - INFO - Модель финализирована: вход (None, 30), выход (None, 1), params 6,113
2025-06-04 06:13:17,069 - builder - INFO - Модель успешно построена. Параметры: 6,113
2025-06-04 06:13:17,078 - builder - INFO - Построение последовательной архитектуры из 1 слоёв
2025-06-04 06:13:17,115 - builder - INFO - Выполняется _smart_merge_branches
2025-06-04 06:13:17,141 - builder - INFO - Добавляем финальный Dense(1)
2025-06-04 06:13:17,152 - builder - INFO - Модель финализирована: вход (None, 30), выход (None, 1), params 43,457
2025-06-04 06:13:17,153 - builder - INFO - Модель успешно построена. Параметры: 43,457
2025-06-04 06:13:31,103 - evaluator - INFO - [Worker 2] Оценка завершена: val_loss=0.0024, model_size=6113, train_time=14.02s
2025-06-04 06:13:38,207 - evaluator - INFO - [Worker 0] Оценка завершена: val_loss=0.0037, model_size=6113, train_time=21.18s
2025-06-04 06:14:08,928 - evaluator - INFO - [Worker 1] Оценка завершена: val_loss=0.0120, model_size=43457, train_time=51.76s
