2025-06-04 05:01:41,693 - __main__ - INFO - Starting Neural Architecture Search
2025-06-04 05:01:41,694 - __main__ - INFO - Logs will be written to: /mnt/c/study/diploma/logs/20250604/ga_run_20250604_050141.log
2025-06-04 05:01:57,465 - __main__ - INFO - Configuration updated through interactive mode
2025-06-04 05:01:57,467 - __main__ - INFO - Configuring GPU settings...
2025-06-04 05:01:57,468 - __main__ - INFO - Mixed precision enabled
2025-06-04 05:01:57,469 - __main__ - INFO - Loading dataset from /mnt/c/study/diploma/datasets/mackey_glass_dataset.csv
2025-06-04 05:01:57,653 - __main__ - INFO - Dataset shapes:
2025-06-04 05:01:57,654 - __main__ - INFO - Training: X=(12780, 30), y=(12780,)
2025-06-04 05:01:57,654 - __main__ - INFO - Validation: X=(3196, 30), y=(3196,)
2025-06-04 05:01:57,654 - __main__ - INFO - Test: X=(3994, 30), y=(3994,)
2025-06-04 05:01:57,658 - initializer - INFO - Генерируется случайная архитектура из 3 блоков
2025-06-04 05:01:57,659 - initializer - INFO - Генерируется случайная архитектура из 5 блоков
2025-06-04 05:01:57,659 - initializer - INFO - Генерируется Conv-Dense архитектура: 2 conv слоев
2025-06-04 05:01:57,659 - initializer - INFO - Генерируется Conv-Dense архитектура: 3 conv слоев
2025-06-04 05:01:57,660 - initializer - INFO - Генерируется RNN архитектура: 3 GRU слоев
2025-06-04 05:01:57,660 - initializer - INFO - Генерируется параллельная архитектура с 2 ветвями
2025-06-04 05:01:57,660 - initializer - INFO - Генерируется RNN архитектура: 2 GRU слоев
2025-06-04 05:01:57,660 - initializer - INFO - Создана simple гибридная архитектура из 4 слоев
2025-06-04 05:01:57,661 - initializer - INFO - Создана simple гибридная архитектура из 4 слоев
2025-06-04 05:01:57,661 - initializer - INFO - Генерируется случайная архитектура из 5 блоков
2025-06-04 05:01:57,661 - initializer - INFO - Генерируется случайная архитектура из 3 блоков
2025-06-04 05:01:57,661 - initializer - INFO - Генерируется Conv-Dense архитектура: 3 conv слоев
2025-06-04 05:01:57,662 - initializer - INFO - Генерируется Conv-Dense архитектура: 3 conv слоев
2025-06-04 05:01:57,662 - initializer - INFO - Генерируется случайная архитектура из 2 блоков
2025-06-04 05:01:57,662 - initializer - INFO - Генерируется Conv-Dense архитектура: 2 conv слоев
2025-06-04 05:01:57,663 - initializer - INFO - Генерируется случайная архитектура из 5 блоков
2025-06-04 05:01:57,663 - initializer - INFO - Создана simple гибридная архитектура из 4 слоев
2025-06-04 05:01:57,663 - initializer - INFO - Генерируется RNN архитектура: 2 GRU слоев
2025-06-04 05:01:57,663 - initializer - INFO - Генерируется случайная архитектура из 4 блоков
2025-06-04 05:01:57,664 - initializer - INFO - Генерируется RNN архитектура: 2 GRU слоев
2025-06-04 05:01:57,664 - nas_genetic_alg - INFO - GA started: pop=20, gens=5
2025-06-04 05:01:57,664 - nas_genetic_alg - INFO - 
=== Generation 0 ===
2025-06-04 05:01:57,665 - evaluator - INFO - Запускаем параллельную оценку: 20 архитектур, 4 процессов
2025-06-04 05:08:45,990 - evaluator - INFO - Оценка завершена. Фитнесы: [1.162173022692848, 1.3283305735896693, 1.344447459166998, 1.5686322201030607, 1.6234975581746207, inf, 1.5872736956485987, 1.440782326936878, 1.6498854400161291, 1.3738935201227593, 1.3545505277694825, 1.5207850286706641, 1.47424700974396, 1.514947531058357, 1.467999103615421, 1.4070036119293785, 1.4057285533808173, 1.3300756538616079, 1.528419801672464, 1.2980375384444747]
2025-06-04 05:08:45,992 - nas_genetic_alg - INFO - Ind 0: fit=1.1622, val_loss=0.0033, arch=[{'layer': 'Dense', 'units': 128, 'activation': 'relu', 'kernel_regularizer': None, 'dropout': 0.3}, {'layer': 'Dense', 'units': 32, 'activation': 'elu', 'kernel_regularizer': 'L1', 'coef_regularizer': 0.001, 'dropout': 0.2}, {'layer': 'Conv1D', 'filters': 128, 'kernel_size': 9, 'strides': 1, 'padding': 'valid', 'activation': 'swish', 'batch_norm': False, 'dropout': 0.0, 'pooling': None}]
2025-06-04 05:08:45,992 - nas_genetic_alg - INFO - Ind 1: fit=1.3283, val_loss=0.0012, arch=[{'layer': 'Dense', 'units': 64, 'activation': 'tanh', 'kernel_regularizer': 'L1', 'coef_regularizer': 0.0001, 'dropout': 0.0}, {'layer': 'LSTM', 'units': 32, 'activation': 'tanh', 'return_sequences': True, 'dropout': 0.1, 'recurrent_dropout': 0.0, 'recurrent_activation': 'sigmoid', 'use_bias': True}, {'layer': 'Dense', 'units': 64, 'activation': 'relu', 'kernel_regularizer': 'L1L2', 'coef_regularizer': 0.001, 'dropout': 0.3}, {'layer': 'Dense', 'units': 32, 'activation': 'elu', 'kernel_regularizer': 'L1', 'coef_regularizer': 0.001, 'dropout': 0.3}, {'layer': 'RNN', 'units': 32, 'activation': 'tanh', 'return_sequences': False, 'dropout': 0.0, 'recurrent_dropout': 0.0}]
2025-06-04 05:08:45,992 - nas_genetic_alg - INFO - Ind 2: fit=1.3444, val_loss=0.0028, arch=[{'layer': 'Conv1D', 'filters': 32, 'kernel_size': 3, 'strides': 1, 'padding': 'same', 'activation': 'swish', 'batch_norm': True, 'dropout': 0.1, 'pooling': 'max2'}, {'layer': 'Conv1D', 'filters': 256, 'kernel_size': 7, 'strides': 2, 'padding': 'same', 'activation': 'relu', 'batch_norm': False, 'dropout': 0.2, 'pooling': None}, {'layer': 'GlobalAvgPool1D'}, {'layer': 'Dense', 'units': 1, 'activation': 'linear', 'kernel_regularizer': None, 'dropout': 0.0}]
2025-06-04 05:08:45,993 - nas_genetic_alg - INFO - Ind 3: fit=1.5686, val_loss=0.0067, arch=[{'layer': 'Conv1D', 'filters': 64, 'kernel_size': 7, 'strides': 2, 'padding': 'same', 'activation': 'elu', 'batch_norm': True, 'dropout': 0.2, 'pooling': None}, {'layer': 'Conv1D', 'filters': 256, 'kernel_size': 3, 'strides': 1, 'padding': 'same', 'activation': 'elu', 'batch_norm': True, 'dropout': 0.1, 'pooling': 'max3'}, {'layer': 'Conv1D', 'filters': 128, 'kernel_size': 9, 'strides': 1, 'padding': 'valid', 'activation': 'relu', 'batch_norm': True, 'dropout': 0.0, 'pooling': 'max3'}, {'layer': 'GlobalAvgPool1D'}, {'layer': 'Dense', 'units': 1, 'activation': 'linear', 'kernel_regularizer': 'L1L2', 'coef_regularizer': 0.001, 'dropout': 0.0}]
2025-06-04 05:08:45,993 - nas_genetic_alg - INFO - Ind 4: fit=1.6235, val_loss=0.0008, arch=[{'layer': 'GRU', 'units': 64, 'activation': 'tanh', 'return_sequences': True, 'dropout': 0.0, 'recurrent_dropout': 0.1}, {'layer': 'GRU', 'units': 256, 'activation': 'tanh', 'return_sequences': True, 'dropout': 0.1, 'recurrent_dropout': 0.1}, {'layer': 'GRU', 'units': 128, 'activation': 'tanh', 'return_sequences': False, 'dropout': 0.0, 'recurrent_dropout': 0.0}, {'layer': 'Dense', 'units': 1, 'activation': 'linear', 'kernel_regularizer': 'L2', 'coef_regularizer': 0.001, 'dropout': 0.0}]
2025-06-04 05:08:45,993 - nas_genetic_alg - INFO - Ind 5: fit=inf, val_loss=inf, arch={'parallel': {'branch_1_conv': [{'layer': 'Conv1D', 'filters': 64, 'kernel_size': 5, 'strides': 1, 'padding': 'valid', 'activation': 'elu', 'batch_norm': False, 'dropout': 0.1, 'pooling': 'max2'}, {'layer': 'Conv1D', 'filters': 256, 'kernel_size': 3, 'strides': 2, 'padding': 'valid', 'activation': 'relu', 'batch_norm': True, 'dropout': 0.1, 'pooling': None}, {'layer': 'Conv1D', 'filters': 64, 'kernel_size': 9, 'strides': 2, 'padding': 'valid', 'activation': 'swish', 'batch_norm': True, 'dropout': 0.0, 'pooling': None}, {'layer': 'GlobalAvgPool1D'}], 'branch_2_conv': [{'layer': 'Conv1D', 'filters': 64, 'kernel_size': 7, 'strides': 1, 'padding': 'same', 'activation': 'elu', 'batch_norm': True, 'dropout': 0.2, 'pooling': None}, {'layer': 'Conv1D', 'filters': 256, 'kernel_size': 3, 'strides': 2, 'padding': 'same', 'activation': 'swish', 'batch_norm': True, 'dropout': 0.1, 'pooling': None}, {'layer': 'Conv1D', 'filters': 256, 'kernel_size': 5, 'strides': 1, 'padding': 'valid', 'activation': 'elu', 'batch_norm': True, 'dropout': 0.1, 'pooling': 'max2'}, {'layer': 'GlobalAvgPool1D'}]}}
2025-06-04 05:08:45,994 - nas_genetic_alg - INFO - Ind 6: fit=1.5873, val_loss=0.0041, arch=[{'layer': 'GRU', 'units': 256, 'activation': 'tanh', 'return_sequences': True, 'dropout': 0.2, 'recurrent_dropout': 0.0}, {'layer': 'GRU', 'units': 256, 'activation': 'tanh', 'return_sequences': False, 'dropout': 0.2, 'recurrent_dropout': 0.0}, {'layer': 'Dense', 'units': 1, 'activation': 'linear', 'kernel_regularizer': 'L2', 'coef_regularizer': 0.0001, 'dropout': 0.0}]
2025-06-04 05:08:45,994 - nas_genetic_alg - INFO - Ind 7: fit=1.4408, val_loss=0.0010, arch=[{'layer': 'Conv1D', 'filters': 32, 'kernel_size': 3, 'strides': 2, 'padding': 'same', 'activation': 'swish', 'batch_norm': True, 'dropout': 0.0, 'pooling': None}, {'layer': 'LSTM', 'units': 128, 'activation': 'tanh', 'return_sequences': False, 'dropout': 0.0, 'recurrent_dropout': 0.0, 'recurrent_activation': 'sigmoid', 'use_bias': True}, {'layer': 'Dense', 'units': 64, 'activation': 'elu', 'kernel_regularizer': 'L2', 'coef_regularizer': 0.0001, 'dropout': 0.1}, {'layer': 'Dense', 'units': 1, 'activation': 'linear', 'kernel_regularizer': 'L1', 'coef_regularizer': 0.0001, 'dropout': 0.0}]
2025-06-04 05:08:45,994 - nas_genetic_alg - INFO - Ind 8: fit=1.6499, val_loss=0.0017, arch=[{'layer': 'Conv1D', 'filters': 64, 'kernel_size': 5, 'strides': 1, 'padding': 'valid', 'activation': 'relu', 'batch_norm': False, 'dropout': 0.0, 'pooling': 'max3'}, {'layer': 'LSTM', 'units': 256, 'activation': 'tanh', 'return_sequences': False, 'dropout': 0.1, 'recurrent_dropout': 0.1, 'recurrent_activation': 'sigmoid', 'use_bias': True}, {'layer': 'Dense', 'units': 128, 'activation': 'tanh', 'kernel_regularizer': None, 'dropout': 0.2}, {'layer': 'Dense', 'units': 1, 'activation': 'linear', 'kernel_regularizer': 'L1L2', 'coef_regularizer': 0.0001, 'dropout': 0.0}]
2025-06-04 05:08:45,994 - nas_genetic_alg - INFO - Ind 9: fit=1.3739, val_loss=0.0028, arch=[{'layer': 'Dense', 'units': 32, 'activation': 'tanh', 'kernel_regularizer': None, 'dropout': 0.0}, {'layer': 'Dense', 'units': 32, 'activation': 'relu', 'kernel_regularizer': 'L1', 'coef_regularizer': 0.0001, 'dropout': 0.3}, {'layer': 'Conv1D', 'filters': 64, 'kernel_size': 9, 'strides': 2, 'padding': 'same', 'activation': 'swish', 'batch_norm': False, 'dropout': 0.1, 'pooling': None}, {'layer': 'Dense', 'units': 64, 'activation': 'elu', 'kernel_regularizer': 'L1L2', 'coef_regularizer': 0.0001, 'dropout': 0.1}, {'layer': 'Conv1D', 'filters': 256, 'kernel_size': 7, 'strides': 1, 'padding': 'valid', 'activation': 'elu', 'batch_norm': True, 'dropout': 0.0, 'pooling': None}]
2025-06-04 05:08:45,995 - nas_genetic_alg - INFO - Ind 10: fit=1.3546, val_loss=0.0237, arch=[{'layer': 'Conv1D', 'filters': 64, 'kernel_size': 5, 'strides': 1, 'padding': 'same', 'activation': 'swish', 'batch_norm': True, 'dropout': 0.0, 'pooling': None}, {'layer': 'LSTM', 'units': 32, 'activation': 'tanh', 'return_sequences': True, 'dropout': 0.1, 'recurrent_dropout': 0.0, 'recurrent_activation': 'sigmoid', 'use_bias': True}, {'layer': 'Conv1D', 'filters': 128, 'kernel_size': 5, 'strides': 1, 'padding': 'valid', 'activation': 'swish', 'batch_norm': True, 'dropout': 0.1, 'pooling': 'max3'}]
2025-06-04 05:08:45,995 - nas_genetic_alg - INFO - Ind 11: fit=1.5208, val_loss=0.0008, arch=[{'layer': 'Conv1D', 'filters': 32, 'kernel_size': 3, 'strides': 2, 'padding': 'same', 'activation': 'elu', 'batch_norm': False, 'dropout': 0.0, 'pooling': None}, {'layer': 'Conv1D', 'filters': 128, 'kernel_size': 7, 'strides': 1, 'padding': 'valid', 'activation': 'relu', 'batch_norm': False, 'dropout': 0.0, 'pooling': 'max3'}, {'layer': 'Conv1D', 'filters': 256, 'kernel_size': 7, 'strides': 2, 'padding': 'same', 'activation': 'swish', 'batch_norm': True, 'dropout': 0.0, 'pooling': None}, {'layer': 'GlobalAvgPool1D'}, {'layer': 'Dense', 'units': 1, 'activation': 'linear', 'kernel_regularizer': 'L2', 'coef_regularizer': 0.0001, 'dropout': 0.0}]
2025-06-04 05:08:45,995 - nas_genetic_alg - INFO - Ind 12: fit=1.4742, val_loss=0.0071, arch=[{'layer': 'Conv1D', 'filters': 64, 'kernel_size': 5, 'strides': 2, 'padding': 'same', 'activation': 'swish', 'batch_norm': False, 'dropout': 0.1, 'pooling': None}, {'layer': 'Conv1D', 'filters': 128, 'kernel_size': 9, 'strides': 1, 'padding': 'same', 'activation': 'swish', 'batch_norm': True, 'dropout': 0.1, 'pooling': None}, {'layer': 'Conv1D', 'filters': 64, 'kernel_size': 7, 'strides': 1, 'padding': 'valid', 'activation': 'relu', 'batch_norm': True, 'dropout': 0.2, 'pooling': 'max3'}, {'layer': 'GlobalAvgPool1D'}, {'layer': 'Dense', 'units': 1, 'activation': 'linear', 'kernel_regularizer': 'L2', 'coef_regularizer': 0.0001, 'dropout': 0.0}]
2025-06-04 05:08:45,995 - nas_genetic_alg - INFO - Ind 13: fit=1.5149, val_loss=0.0008, arch=[{'layer': 'Conv1D', 'filters': 32, 'kernel_size': 7, 'strides': 1, 'padding': 'valid', 'activation': 'elu', 'batch_norm': False, 'dropout': 0.1, 'pooling': None}, {'layer': 'LSTM', 'units': 256, 'activation': 'tanh', 'return_sequences': False, 'dropout': 0.0, 'recurrent_dropout': 0.0, 'recurrent_activation': 'sigmoid', 'use_bias': True}]
2025-06-04 05:08:45,995 - nas_genetic_alg - INFO - Ind 14: fit=1.4680, val_loss=0.0016, arch=[{'layer': 'Conv1D', 'filters': 64, 'kernel_size': 9, 'strides': 2, 'padding': 'same', 'activation': 'swish', 'batch_norm': True, 'dropout': 0.2, 'pooling': None}, {'layer': 'Conv1D', 'filters': 256, 'kernel_size': 7, 'strides': 2, 'padding': 'valid', 'activation': 'relu', 'batch_norm': True, 'dropout': 0.2, 'pooling': None}, {'layer': 'GlobalAvgPool1D'}, {'layer': 'Dense', 'units': 64, 'activation': 'elu', 'kernel_regularizer': None, 'dropout': 0.3}, {'layer': 'Dense', 'units': 1, 'activation': 'linear', 'kernel_regularizer': 'L1L2', 'coef_regularizer': 0.001, 'dropout': 0.0}]
2025-06-04 05:08:45,996 - nas_genetic_alg - INFO - Ind 15: fit=1.4070, val_loss=0.0009, arch=[{'layer': 'Dense', 'units': 128, 'activation': 'tanh', 'kernel_regularizer': 'L1', 'coef_regularizer': 0.0001, 'dropout': 0.3}, {'layer': 'Dense', 'units': 64, 'activation': 'tanh', 'kernel_regularizer': 'L1', 'coef_regularizer': 0.0001, 'dropout': 0.2}, {'layer': 'GRU', 'units': 64, 'activation': 'tanh', 'return_sequences': True, 'dropout': 0.2, 'recurrent_dropout': 0.1}, {'layer': 'Dense', 'units': 64, 'activation': 'relu', 'kernel_regularizer': 'L2', 'coef_regularizer': 0.001, 'dropout': 0.0}, {'layer': 'Dense', 'units': 1, 'activation': 'linear', 'kernel_regularizer': 'L1L2', 'coef_regularizer': 0.001, 'dropout': 0.0}]
2025-06-04 05:08:45,996 - nas_genetic_alg - INFO - Ind 16: fit=1.4057, val_loss=0.0017, arch=[{'layer': 'Conv1D', 'filters': 32, 'kernel_size': 9, 'strides': 2, 'padding': 'valid', 'activation': 'relu', 'batch_norm': True, 'dropout': 0.1, 'pooling': None}, {'layer': 'GRU', 'units': 128, 'activation': 'tanh', 'return_sequences': False, 'dropout': 0.1, 'recurrent_dropout': 0.0}, {'layer': 'Dense', 'units': 64, 'activation': 'tanh', 'kernel_regularizer': 'L1L2', 'coef_regularizer': 0.001, 'dropout': 0.1}, {'layer': 'Dense', 'units': 1, 'activation': 'linear', 'kernel_regularizer': 'L1L2', 'coef_regularizer': 0.0001, 'dropout': 0.0}]
2025-06-04 05:08:45,996 - nas_genetic_alg - INFO - Ind 17: fit=1.3301, val_loss=0.0044, arch=[{'layer': 'GRU', 'units': 64, 'activation': 'tanh', 'return_sequences': True, 'dropout': 0.2, 'recurrent_dropout': 0.0}, {'layer': 'GRU', 'units': 64, 'activation': 'tanh', 'return_sequences': False, 'dropout': 0.0, 'recurrent_dropout': 0.0}, {'layer': 'Dense', 'units': 1, 'activation': 'linear', 'kernel_regularizer': 'L1', 'coef_regularizer': 0.0001, 'dropout': 0.0}]
2025-06-04 05:08:45,996 - nas_genetic_alg - INFO - Ind 18: fit=1.5284, val_loss=0.0451, arch=[{'layer': 'RNN', 'units': 256, 'activation': 'tanh', 'return_sequences': True, 'dropout': 0.2, 'recurrent_dropout': 0.0}, {'layer': 'Dense', 'units': 32, 'activation': 'relu', 'kernel_regularizer': 'L1L2', 'coef_regularizer': 0.001, 'dropout': 0.2}, {'layer': 'Conv1D', 'filters': 128, 'kernel_size': 9, 'strides': 2, 'padding': 'valid', 'activation': 'swish', 'batch_norm': False, 'dropout': 0.1, 'pooling': None}, {'layer': 'Conv1D', 'filters': 128, 'kernel_size': 7, 'strides': 2, 'padding': 'valid', 'activation': 'relu', 'batch_norm': True, 'dropout': 0.2, 'pooling': None}]
2025-06-04 05:08:45,997 - nas_genetic_alg - INFO - Ind 19: fit=1.2980, val_loss=0.0028, arch=[{'layer': 'GRU', 'units': 64, 'activation': 'tanh', 'return_sequences': True, 'dropout': 0.1, 'recurrent_dropout': 0.0}, {'layer': 'GRU', 'units': 32, 'activation': 'tanh', 'return_sequences': False, 'dropout': 0.1, 'recurrent_dropout': 0.0}, {'layer': 'Dense', 'units': 1, 'activation': 'linear', 'kernel_regularizer': None, 'dropout': 0.0}]
2025-06-04 05:08:45,997 - nas_genetic_alg - INFO - Best fitness: 1.1622
2025-06-04 05:08:45,997 - selecter - INFO - Турнирная селекция с размером турнира 3
2025-06-04 05:08:45,997 - selecter - INFO - Отобрано 20 особей турнирной селекцией
2025-06-04 05:08:45,998 - crossover - INFO - Запуск скрещивания методом single_point
2025-06-04 05:08:45,998 - crossover - INFO - Скрещивание завершено успешно
2025-06-04 05:08:45,999 - crossover - INFO - Запуск скрещивания методом single_point
2025-06-04 05:08:45,999 - crossover - INFO - Скрещивание завершено успешно
2025-06-04 05:08:45,999 - crossover - INFO - Запуск скрещивания методом single_point
2025-06-04 05:08:46,000 - crossover - INFO - Скрещивание завершено успешно
2025-06-04 05:08:46,000 - crossover - INFO - Запуск скрещивания методом single_point
2025-06-04 05:08:46,000 - crossover - INFO - Скрещивание завершено успешно
2025-06-04 05:08:46,001 - crossover - INFO - Запуск скрещивания методом single_point
2025-06-04 05:08:46,001 - crossover - INFO - Скрещивание завершено успешно
2025-06-04 05:08:46,001 - crossover - INFO - Запуск скрещивания методом single_point
2025-06-04 05:08:46,001 - crossover - INFO - Скрещивание завершено успешно
2025-06-04 05:08:46,002 - crossover - INFO - Запуск скрещивания методом single_point
2025-06-04 05:08:46,002 - crossover - INFO - Скрещивание завершено успешно
2025-06-04 05:08:46,002 - crossover - INFO - Запуск скрещивания методом single_point
2025-06-04 05:08:46,003 - crossover - INFO - Скрещивание завершено успешно
2025-06-04 05:08:46,003 - crossover - INFO - Запуск скрещивания методом single_point
2025-06-04 05:08:46,004 - crossover - INFO - Скрещивание завершено успешно
2025-06-04 05:08:46,004 - mutator - INFO - MUTATE_LIST: Начало мутации
2025-06-04 05:08:46,005 - mutator - INFO -   Исходная архитектура: [{'layer': 'Dense', 'units': 64, 'activation': 'tanh', 'kernel_regularizer': 'L1', 'coef_regularizer': 0.0001, 'dropout': 0.0}, {'layer': 'LSTM', 'units': 32, 'activation': 'tanh', 'return_sequences': True, 'dropout': 0.1, 'recurrent_dropout': 0.0, 'recurrent_activation': 'sigmoid', 'use_bias': True}, {'layer': 'GRU', 'units': 64, 'activation': 'tanh', 'return_sequences': True, 'dropout': 0.2, 'recurrent_dropout': 0.1}, {'layer': 'Dense', 'units': 64, 'activation': 'relu', 'kernel_regularizer': 'L2', 'coef_regularizer': 0.001, 'dropout': 0.0}, {'layer': 'Dense', 'units': 1, 'activation': 'linear', 'kernel_regularizer': 'L1L2', 'coef_regularizer': 0.001, 'dropout': 0.0}]
2025-06-04 05:08:46,005 - mutator - INFO - MUTATE_LIST: Применены мутации: none
2025-06-04 05:08:46,006 - mutator - INFO -   Результат: [{'layer': 'Dense', 'units': 64, 'activation': 'tanh', 'kernel_regularizer': 'L1', 'coef_regularizer': 0.0001, 'dropout': 0.0}, {'layer': 'LSTM', 'units': 32, 'activation': 'tanh', 'return_sequences': True, 'dropout': 0.1, 'recurrent_dropout': 0.0, 'recurrent_activation': 'sigmoid', 'use_bias': True}, {'layer': 'GRU', 'units': 64, 'activation': 'tanh', 'return_sequences': True, 'dropout': 0.2, 'recurrent_dropout': 0.1}, {'layer': 'Dense', 'units': 64, 'activation': 'relu', 'kernel_regularizer': 'L2', 'coef_regularizer': 0.001, 'dropout': 0.0}, {'layer': 'Dense', 'units': 1, 'activation': 'linear', 'kernel_regularizer': 'L1L2', 'coef_regularizer': 0.001, 'dropout': 0.0}]
2025-06-04 05:08:46,006 - mutator - INFO - MUTATE_LIST: Начало мутации
2025-06-04 05:08:46,007 - mutator - INFO -   Исходная архитектура: [{'layer': 'Dense', 'units': 128, 'activation': 'relu', 'kernel_regularizer': None, 'dropout': 0.3}, {'layer': 'Dense', 'units': 32, 'activation': 'elu', 'kernel_regularizer': 'L1', 'coef_regularizer': 0.001, 'dropout': 0.2}, {'layer': 'Conv1D', 'filters': 128, 'kernel_size': 9, 'strides': 1, 'padding': 'valid', 'activation': 'swish', 'batch_norm': False, 'dropout': 0.0, 'pooling': None}]
2025-06-04 05:08:46,008 - mutator - INFO - MUTATE_LIST: Применены мутации: hyperparams
2025-06-04 05:08:46,008 - mutator - INFO -   Результат: [{'layer': 'Dense', 'units': 128, 'activation': 'linear', 'kernel_regularizer': None, 'dropout': 0.3}, {'layer': 'Dense', 'units': 32, 'activation': 'elu', 'kernel_regularizer': 'L1', 'coef_regularizer': 0.001, 'dropout': 0.2}, {'layer': 'Conv1D', 'filters': 128, 'kernel_size': 9, 'strides': 1, 'padding': 'valid', 'activation': 'linear', 'batch_norm': False, 'dropout': 0.0, 'pooling': None}]
2025-06-04 05:08:46,009 - mutator - INFO - MUTATE_LIST: Начало мутации
2025-06-04 05:08:46,009 - mutator - INFO -   Исходная архитектура: [{'layer': 'Dense', 'units': 64, 'activation': 'tanh', 'kernel_regularizer': 'L1', 'coef_regularizer': 0.0001, 'dropout': 0.0}, {'layer': 'LSTM', 'units': 32, 'activation': 'tanh', 'return_sequences': True, 'dropout': 0.1, 'recurrent_dropout': 0.0, 'recurrent_activation': 'sigmoid', 'use_bias': True}, {'layer': 'Dense', 'units': 64, 'activation': 'relu', 'kernel_regularizer': 'L1L2', 'coef_regularizer': 0.001, 'dropout': 0.3}, {'layer': 'Dense', 'units': 32, 'activation': 'elu', 'kernel_regularizer': 'L1', 'coef_regularizer': 0.001, 'dropout': 0.3}, {'layer': 'RNN', 'units': 32, 'activation': 'tanh', 'return_sequences': False, 'dropout': 0.0, 'recurrent_dropout': 0.0}]
2025-06-04 05:08:46,009 - mutator - INFO - MUTATE_LIST: Применены мутации: hyperparams
2025-06-04 05:08:46,010 - mutator - INFO -   Результат: [{'layer': 'Dense', 'units': 128, 'activation': 'tanh', 'kernel_regularizer': 'L2', 'coef_regularizer': 0.0007051894994220409, 'dropout': 0.0}, {'layer': 'LSTM', 'units': 40, 'activation': 'tanh', 'return_sequences': True, 'dropout': 0.1, 'recurrent_dropout': 0.0, 'recurrent_activation': 'sigmoid', 'use_bias': True}, {'layer': 'Dense', 'units': 64, 'activation': 'elu', 'kernel_regularizer': 'L2', 'coef_regularizer': 0.003928771158613264, 'dropout': 0.3}, {'layer': 'Dense', 'units': 48, 'activation': 'elu', 'kernel_regularizer': 'L1', 'coef_regularizer': 0.001, 'dropout': 0.3}, {'layer': 'RNN', 'units': 32, 'activation': 'tanh', 'return_sequences': True, 'dropout': 0.0, 'recurrent_dropout': 0.0, 'bidirectional': True}]
2025-06-04 05:08:46,010 - mutator - INFO - MUTATE_LIST: Начало мутации
2025-06-04 05:08:46,010 - mutator - INFO -   Исходная архитектура: [{'layer': 'Dense', 'units': 64, 'activation': 'tanh', 'kernel_regularizer': 'L1', 'coef_regularizer': 0.0001, 'dropout': 0.0}, {'layer': 'LSTM', 'units': 32, 'activation': 'tanh', 'return_sequences': True, 'dropout': 0.1, 'recurrent_dropout': 0.0, 'recurrent_activation': 'sigmoid', 'use_bias': True}, {'layer': 'Dense', 'units': 64, 'activation': 'relu', 'kernel_regularizer': 'L1L2', 'coef_regularizer': 0.001, 'dropout': 0.3}, {'layer': 'Dense', 'units': 32, 'activation': 'elu', 'kernel_regularizer': 'L1', 'coef_regularizer': 0.001, 'dropout': 0.3}, {'layer': 'RNN', 'units': 32, 'activation': 'tanh', 'return_sequences': False, 'dropout': 0.0, 'recurrent_dropout': 0.0}]
2025-06-04 05:08:46,011 - mutator - INFO - MUTATE_LIST: Применены мутации: hyperparams
2025-06-04 05:08:46,011 - mutator - INFO -   Результат: [{'layer': 'Dense', 'units': 64, 'activation': 'tanh', 'kernel_regularizer': 'L1', 'coef_regularizer': 0.0001, 'dropout': 0.4141809497862529}, {'layer': 'LSTM', 'units': 32, 'activation': 'relu', 'return_sequences': True, 'dropout': 0.1, 'recurrent_dropout': 0.0, 'recurrent_activation': 'sigmoid', 'use_bias': True}, {'layer': 'Dense', 'units': 64, 'activation': 'relu', 'kernel_regularizer': 'L1L2', 'coef_regularizer': 0.001, 'dropout': 0.3}, {'layer': 'Dense', 'units': 32, 'activation': 'elu', 'kernel_regularizer': 'L1', 'coef_regularizer': 0.001, 'dropout': 0.3}, {'layer': 'RNN', 'units': 40, 'activation': 'tanh', 'return_sequences': False, 'dropout': 0.0, 'recurrent_dropout': 0.0}]
2025-06-04 05:08:46,011 - mutator - INFO - MUTATE_LIST: Начало мутации
2025-06-04 05:08:46,012 - mutator - INFO -   Исходная архитектура: [{'layer': 'Conv1D', 'filters': 64, 'kernel_size': 5, 'strides': 1, 'padding': 'same', 'activation': 'swish', 'batch_norm': True, 'dropout': 0.0, 'pooling': None}, {'layer': 'GRU', 'units': 32, 'activation': 'tanh', 'return_sequences': False, 'dropout': 0.1, 'recurrent_dropout': 0.0}, {'layer': 'Dense', 'units': 1, 'activation': 'linear', 'kernel_regularizer': None, 'dropout': 0.0}]
2025-06-04 05:08:46,012 - mutator - INFO - MUTATE_LIST: Применены мутации: hyperparams
2025-06-04 05:08:46,012 - mutator - INFO -   Результат: [{'layer': 'Conv1D', 'filters': 32, 'kernel_size': 5, 'strides': 1, 'padding': 'same', 'activation': 'swish', 'batch_norm': True, 'dropout': 0.0, 'pooling': None}, {'layer': 'GRU', 'units': 48, 'activation': 'tanh', 'return_sequences': False, 'dropout': 0.1, 'recurrent_dropout': 0.0}, {'layer': 'Dense', 'units': 1, 'activation': 'linear', 'kernel_regularizer': None, 'dropout': 0.3953387441753246}]
2025-06-04 05:08:46,013 - nas_genetic_alg - INFO - 
=== Generation 1 ===
2025-06-04 05:08:46,013 - evaluator - INFO - Запускаем параллельную оценку: 20 архитектур, 4 процессов
58,855 - builder - INFO - Начинаем построение модели. Input shape: (30,)
2025-06-04 05:05:58,857 - builder - INFO - Построение последовательной архитектуры из 4 слоёв
2025-06-04 05:05:59,017 - builder - INFO - Модель финализирована: вход (None, 30), выход (None, 1), params 70,976
2025-06-04 05:05:59,018 - builder - INFO - Модель успешно построена. Параметры: 70,976
2025-06-04 05:06:01,317 - evaluator - INFO - [Worker 11] Оценка завершена: val_loss=0.0008, model_size=267069, train_time=29.23s
2025-06-04 05:06:01,912 - evaluator - INFO - [Worker 18] Начинаем билд и обучение для архитектуры: [{'layer': 'RNN', 'units': 256, 'activation': 'tanh', 'return_sequences': True, 'dropout': 0.2, 'recurrent_dropout': 0.0}, {'layer': 'Dense', 'units': 32, 'activation': 'relu', 'kernel_regularizer': 'L1L2', 'coef_regularizer': 0.001, 'dropout': 0.2}, {'layer': 'Conv1D', 'filters': 128, 'kernel_size': 9, 'strides': 2, 'padding': 'valid', 'activation': 'swish', 'batch_norm': False, 'dropout': 0.1, 'pooling': None}, {'layer': 'Conv1D', 'filters': 128, 'kernel_size': 7, 'strides': 2, 'padding': 'valid', 'activation': 'relu', 'batch_norm': True, 'dropout': 0.2, 'pooling': None}]
2025-06-04 05:06:01,912 - builder - INFO - Начинаем построение модели. Input shape: (30,)
2025-06-04 05:06:01,914 - builder - INFO - Построение последовательной архитектуры из 4 слоёв
2025-06-04 05:06:02,124 - builder - INFO - Добавляем финальный Dense(1)
2025-06-04 05:06:02,155 - builder - INFO - Модель финализирована: вход (None, 30), выход (None, 1), params 198,561
2025-06-04 05:06:02,156 - builder - INFO - Модель успешно построена. Параметры: 198,561
2025-06-04 05:06:40,344 - evaluator - INFO - [Worker 18] Оценка завершена: val_loss=0.0451, model_size=198561, train_time=38.17s
2025-06-04 05:06:40,867 - evaluator - INFO - [Worker 19] Начинаем билд и обучение для архитектуры: [{'layer': 'GRU', 'units': 64, 'activation': 'tanh', 'return_sequences': True, 'dropout': 0.1, 'recurrent_dropout': 0.0}, {'layer': 'GRU', 'units': 32, 'activation': 'tanh', 'return_sequences': False, 'dropout': 0.1, 'recurrent_dropout': 0.0}, {'layer': 'Dense', 'units': 1, 'activation': 'linear', 'kernel_regularizer': None, 'dropout': 0.0}]
2025-06-04 05:06:40,868 - builder - INFO - Начинаем построение модели. Input shape: (30,)
2025-06-04 05:06:40,870 - builder - INFO - Построение последовательной архитектуры из 3 слоёв
2025-06-04 05:06:40,998 - builder - INFO - Модель финализирована: вход (None, 30), выход (None, 1), params 27,873
2025-06-04 05:06:40,998 - builder - INFO - Модель успешно построена. Параметры: 27,873
2025-06-04 05:07:00,923 - evaluator - INFO - [Worker 16] Оценка завершена: val_loss=0.0017, model_size=70976, train_time=61.88s
2025-06-04 05:07:01,590 - evaluator - INFO - [Worker 17] Начинаем билд и обучение для архитектуры: [{'layer': 'GRU', 'units': 64, 'activation': 'tanh', 'return_sequences': True, 'dropout': 0.2, 'recurrent_dropout': 0.0}, {'layer': 'GRU', 'units': 64, 'activation': 'tanh', 'return_sequences': False, 'dropout': 0.0, 'recurrent_dropout': 0.0}, {'layer': 'Dense', 'units': 1, 'activation': 'linear', 'kernel_regularizer': 'L1', 'coef_regularizer': 0.0001, 'dropout': 0.0}]
2025-06-04 05:07:01,591 - builder - INFO - Начинаем построение модели. Input shape: (30,)
2025-06-04 05:07:01,592 - builder - INFO - Построение последовательной архитектуры из 3 слоёв
2025-06-04 05:07:01,916 - builder - INFO - Модель финализирована: вход (None, 30), выход (None, 1), params 43,457
2025-06-04 05:07:01,917 - builder - INFO - Модель успешно построена. Параметры: 43,457
2025-06-04 05:07:07,615 - evaluator - INFO - [Worker 15] Оценка завершена: val_loss=0.0009, model_size=43325, train_time=116.92s
2025-06-04 05:07:49,010 - evaluator - INFO - [Worker 19] Оценка завершена: val_loss=0.0028, model_size=27873, train_time=67.99s
2025-06-04 05:07:53,080 - evaluator - INFO - [Worker 17] Оценка завершена: val_loss=0.0044, model_size=43457, train_time=51.14s
2025-06-04 05:08:28,583 - evaluator - INFO - [Worker 8] Оценка завершена: val_loss=0.0017, model_size=362144, train_time=317.50s
2025-06-04 05:08:28,909 - evaluator - INFO - [Worker 9] Начинаем билд и обучение для архитектуры: [{'layer': 'Dense', 'units': 32, 'activation': 'tanh', 'kernel_regularizer': None, 'dropout': 0.0}, {'layer': 'Dense', 'units': 32, 'activation': 'relu', 'kernel_regularizer': 'L1', 'coef_regularizer': 0.0001, 'dropout': 0.3}, {'layer': 'Conv1D', 'filters': 64, 'kernel_size': 9, 'strides': 2, 'padding': 'same', 'activation': 'swish', 'batch_norm': False, 'dropout': 0.1, 'pooling': None}, {'layer': 'Dense', 'units': 64, 'activation': 'elu', 'kernel_regularizer': 'L1L2', 'coef_regularizer': 0.0001, 'dropout': 0.1}, {'layer': 'Conv1D', 'filters': 256, 'kernel_size': 7, 'strides': 1, 'padding': 'valid', 'activation': 'elu', 'batch_norm': True, 'dropout': 0.0, 'pooling': None}]
2025-06-04 05:08:28,909 - builder - INFO - Начинаем построение модели. Input shape: (30,)
2025-06-04 05:08:28,910 - builder - INFO - Построение последовательной архитектуры из 5 слоёв
2025-06-04 05:08:28,993 - builder - INFO - Добавляем финальный Dense(1)
2025-06-04 05:08:29,005 - builder - INFO - Модель финализирована: вход (None, 30), выход (None, 1), params 79,199
2025-06-04 05:08:29,005 - builder - INFO - Модель успешно построена. Параметры: 79,199
2025-06-04 05:08:45,500 - evaluator - INFO - [Worker 9] Оценка завершена: val_loss=0.0028, model_size=79199, train_time=16.49s
2025-06-04 05:08:52,272 - evaluator - INFO - [Worker 0] Начинаем билд и обучение для архитектуры: [{'layer': 'Dense', 'units': 128, 'activation': 'relu', 'kernel_regularizer': None, 'dropout': 0.3}, {'layer': 'Dense', 'units': 32, 'activation': 'elu', 'kernel_regularizer': 'L1', 'coef_regularizer': 0.001, 'dropout': 0.2}, {'layer': 'Conv1D', 'filters': 128, 'kernel_size': 9, 'strides': 1, 'padding': 'valid', 'activation': 'swish', 'batch_norm': False, 'dropout': 0.0, 'pooling': None}]
2025-06-04 05:08:52,272 - evaluator - INFO - [Worker 2] Начинаем билд и обучение для архитектуры: [{'layer': 'GRU', 'units': 64, 'activation': 'tanh', 'return_sequences': True, 'dropout': 0.2, 'recurrent_dropout': 0.0}, {'layer': 'GRU', 'units': 32, 'activation': 'tanh', 'return_sequences': False, 'dropout': 0.1, 'recurrent_dropout': 0.0}, {'layer': 'Dense', 'units': 1, 'activation': 'linear', 'kernel_regularizer': None, 'dropout': 0.0}]
2025-06-04 05:08:52,273 - builder - INFO - Начинаем построение модели. Input shape: (30,)
2025-06-04 05:08:52,273 - builder - INFO - Начинаем построение модели. Input shape: (30,)
2025-06-04 05:08:52,274 - builder - INFO - Построение последовательной архитектуры из 3 слоёв
2025-06-04 05:08:52,274 - builder - INFO - Построение последовательной архитектуры из 3 слоёв
2025-06-04 05:08:52,314 - evaluator - INFO - [Worker 6] Начинаем билд и обучение для архитектуры: [{'layer': 'Dense', 'units': 64, 'activation': 'tanh', 'kernel_regularizer': 'L1', 'coef_regularizer': 0.0001, 'dropout': 0.0}, {'layer': 'LSTM', 'units': 32, 'activation': 'tanh', 'return_sequences': True, 'dropout': 0.1, 'recurrent_dropout': 0.0, 'recurrent_activation': 'sigmoid', 'use_bias': True}, {'layer': 'GRU', 'units': 64, 'activation': 'tanh', 'return_sequences': True, 'dropout': 0.2, 'recurrent_dropout': 0.1}, {'layer': 'Dense', 'units': 64, 'activation': 'relu', 'kernel_regularizer': 'L2', 'coef_regularizer': 0.001, 'dropout': 0.0}, {'layer': 'Dense', 'units': 1, 'activation': 'linear', 'kernel_regularizer': 'L1L2', 'coef_regularizer': 0.001, 'dropout': 0.0}]
2025-06-04 05:08:52,314 - evaluator - INFO - [Worker 4] Начинаем билд и обучение для архитектуры: [{'layer': 'Dense', 'units': 128, 'activation': 'tanh', 'kernel_regularizer': 'L1', 'coef_regularizer': 0.0001, 'dropout': 0.3}, {'layer': 'Dense', 'units': 64, 'activation': 'tanh', 'kernel_regularizer': 'L1', 'coef_regularizer': 0.0001, 'dropout': 0.2}, {'layer': 'GRU', 'units': 64, 'activation': 'tanh', 'return_sequences': True, 'dropout': 0.2, 'recurrent_dropout': 0.1}, {'layer': 'Dense', 'units': 64, 'activation': 'relu', 'kernel_regularizer': 'L2', 'coef_regularizer': 0.001, 'dropout': 0.0}, {'layer': 'Dense', 'units': 1, 'activation': 'linear', 'kernel_regularizer': 'L1L2', 'coef_regularizer': 0.001, 'dropout': 0.0}]
2025-06-04 05:08:52,316 - builder - INFO - Начинаем построение модели. Input shape: (30,)
2025-06-04 05:08:52,316 - builder - INFO - Начинаем построение модели. Input shape: (30,)
2025-06-04 05:08:52,318 - builder - INFO - Построение последовательной архитектуры из 5 слоёв
2025-06-04 05:08:52,318 - builder - INFO - Построение последовательной архитектуры из 5 слоёв
2025-06-04 05:08:53,867 - builder - INFO - Добавляем финальный Dense(1)
2025-06-04 05:08:53,886 - builder - INFO - Модель финализирована: вход (None, 30), выход (None, 1), params 12,449
2025-06-04 05:08:53,887 - builder - INFO - Модель успешно построена. Параметры: 12,449
2025-06-04 05:08:53,980 - builder - INFO - Модель финализирована: вход (None, 30), выход (None, 1), params 27,873
2025-06-04 05:08:53,981 - builder - INFO - Модель успешно построена. Параметры: 27,873
2025-06-04 05:08:54,043 - builder - INFO - Модель финализирована: вход (None, 30), выход (None, 1), params 43,325
2025-06-04 05:08:54,043 - builder - INFO - Модель успешно построена. Параметры: 43,325
2025-06-04 05:08:54,059 - builder - INFO - Модель финализирована: вход (None, 30), выход (None, 1), params 39,357
2025-06-04 05:08:54,060 - builder - INFO - Модель успешно построена. Параметры: 39,357
2025-06-04 05:09:20,150 - evaluator - INFO - [Worker 0] Оценка завершена: val_loss=0.0021, model_size=12449, train_time=26.24s
2025-06-04 05:09:20,527 - evaluator - INFO - [Worker 1] Начинаем билд и обучение для архитектуры: [{'layer': 'GRU', 'units': 64, 'activation': 'tanh', 'return_sequences': True, 'dropout': 0.1, 'recurrent_dropout': 0.0}, {'layer': 'GRU', 'units': 32, 'activation': 'tanh', 'return_sequences': False, 'dropout': 0.1, 'recurrent_dropout': 0.0}, {'layer': 'Dense', 'units': 1, 'activation': 'linear', 'kernel_regularizer': None, 'dropout': 0.0}]
2025-06-04 05:09:20,528 - builder - INFO - Начинаем построение модели. Input shape: (30,)
2025-06-04 05:09:20,529 - builder - INFO - Построение последовательной архитектуры из 3 слоёв
2025-06-04 05:09:20,811 - builder - INFO - Модель финализирована: вход (None, 30), выход (None, 1), params 27,873
2025-06-04 05:09:20,811 - builder - INFO - Модель успешно построена. Параметры: 27,873
2025-06-04 05:09:48,026 - evaluator - INFO - [Worker 2] Оценка завершена: val_loss=0.0041, model_size=27873, train_time=54.03s
2025-06-04 05:09:48,439 - evaluator - INFO - [Worker 3] Начинаем билд и обучение для архитектуры: [{'layer': 'GRU', 'units': 64, 'activation': 'tanh', 'return_sequences': True, 'dropout': 0.1, 'recurrent_dropout': 0.0}, {'layer': 'GRU', 'units': 64, 'activation': 'tanh', 'return_sequences': False, 'dropout': 0.0, 'recurrent_dropout': 0.0}, {'layer': 'Dense', 'units': 1, 'activation': 'linear', 'kernel_regularizer': 'L1', 'coef_regularizer': 0.0001, 'dropout': 0.0}]
2025-06-04 05:09:48,440 - builder - INFO - Начинаем построение модели. Input shape: (30,)
2025-06-04 05:09:48,442 - builder - INFO - Построение последовательной архитектуры из 3 слоёв
2025-06-04 05:09:48,587 - builder - INFO - Модель финализирована: вход (None, 30), выход (None, 1), params 43,457
2025-06-04 05:09:48,588 - builder - INFO - Модель успешно построена. Параметры: 43,457
2025-06-04 05:10:21,773 - evaluator - INFO - [Worker 1] Оценка завершена: val_loss=0.0025, model_size=27873, train_time=60.95s
2025-06-04 05:10:22,289 - evaluator - INFO - [Worker 8] Начинаем билд и обучение для архитектуры: [{'layer': 'GRU', 'units': 64, 'activation': 'tanh', 'return_sequences': True, 'dropout': 0.1, 'recurrent_dropout': 0.0}, {'layer': 'GRU', 'units': 32, 'activation': 'tanh', 'return_sequences': False, 'dropout': 0.1, 'recurrent_dropout': 0.0}, {'layer': 'Dense', 'units': 1, 'activation': 'linear', 'kernel_regularizer': None, 'dropout': 0.0}]
2025-06-04 05:10:22,290 - builder - INFO - Начинаем построение модели. Input shape: (30,)
2025-06-04 05:10:22,291 - builder - INFO - Построение последовательной архитектуры из 3 слоёв
2025-06-04 05:10:22,413 - builder - INFO - Модель финализирована: вход (None, 30), выход (None, 1), params 27,873
2025-06-04 05:10:22,414 - builder - INFO - Модель успешно построена. Параметры: 27,873
2025-06-04 05:10:24,550 - evaluator - INFO - [Worker 3] Оценка завершена: val_loss=0.0033, model_size=43457, train_time=35.94s
2025-06-04 05:10:25,048 - evaluator - INFO - [Worker 10] Начинаем билд и обучение для архитектуры: [{'layer': 'Dense', 'units': 128, 'activation': 'relu', 'kernel_regularizer': None, 'dropout': 0.3}, {'layer': 'Dense', 'units': 32, 'activation': 'elu', 'kernel_regularizer': 'L1', 'coef_regularizer': 0.001, 'dropout': 0.2}, {'layer': 'Conv1D', 'filters': 128, 'kernel_size': 9, 'strides': 1, 'padding': 'valid', 'activation': 'swish', 'batch_norm': False, 'dropout': 0.0, 'pooling': None}]
2025-06-04 05:10:25,049 - builder - INFO - Начинаем построение модели. Input shape: (30,)
2025-06-04 05:10:25,050 - builder - INFO - Построение последовательной архитектуры из 3 слоёв
2025-06-04 05:10:25,143 - builder - INFO - Добавляем финальный Dense(1)
2025-06-04 05:10:25,166 - builder - INFO - Модель финализирована: вход (None, 30), выход (None, 1), params 12,449
2025-06-04 05:10:25,167 - builder - INFO - Модель успешно построена. Параметры: 12,449
2025-06-04 05:10:43,456 - evaluator - INFO - [Worker 4] Оценка завершена: val_loss=0.0010, model_size=43325, train_time=109.40s
2025-06-04 05:10:43,924 - evaluator - INFO - [Worker 5] Начинаем билд и обучение для архитектуры: [{'layer': 'GRU', 'units': 64, 'activation': 'tanh', 'return_sequences': True, 'dropout': 0.1, 'recurrent_dropout': 0.0}, {'layer': 'GRU', 'units': 32, 'activation': 'tanh', 'return_sequences': False, 'dropout': 0.1, 'recurrent_dropout': 0.0}, {'layer': 'Dense', 'units': 1, 'activation': 'linear', 'kernel_regularizer': None, 'dropout': 0.0}]
2025-06-04 05:10:43,931 - builder - INFO - Начинаем построение модели. Input shape: (30,)
2025-06-04 05:10:43,933 - builder - INFO - Построение последовательной архитектуры из 3 слоёв
2025-06-04 05:10:44,083 - builder - INFO - Модель финализирована: вход (None, 30), выход (None, 1), params 27,873
2025-06-04 05:10:44,088 - builder - INFO - Модель успешно построена. Параметры: 27,873
2025-06-04 05:10:48,198 - evaluator - INFO - [Worker 6] Оценка завершена: val_loss=0.0009, model_size=39357, train_time=114.12s
2025-06-04 05:10:48,679 - evaluator - INFO - [Worker 7] Начинаем билд и обучение для архитектуры: [{'layer': 'Dense', 'units': 128, 'activation': 'tanh', 'kernel_regularizer': 'L1', 'coef_regularizer': 0.0001, 'dropout': 0.3}, {'layer': 'Dense', 'units': 64, 'activation': 'tanh', 'kernel_regularizer': 'L1', 'coef_regularizer': 0.0001, 'dropout': 0.2}, {'layer': 'Dense', 'units': 64, 'activation': 'relu', 'kernel_regularizer': 'L1L2', 'coef_regularizer': 0.001, 'dropout': 0.3}, {'layer': 'Dense', 'units': 32, 'activation': 'elu', 'kernel_regularizer': 'L1', 'coef_regularizer': 0.001, 'dropout': 0.3}, {'layer': 'RNN', 'units': 32, 'activation': 'tanh', 'return_sequences': False, 'dropout': 0.0, 'recurrent_dropout': 0.0}]
2025-06-04 05:10:48,683 - builder - INFO - Начинаем построение модели. Input shape: (30,)
2025-06-04 05:10:48,686 - builder - INFO - Построение последовательной архитектуры из 5 слоёв
2025-06-04 05:10:48,842 - builder - INFO - Добавляем финальный Dense(1)
2025-06-04 05:10:48,871 - builder - INFO - Модель финализирована: вход (None, 30), выход (None, 1), params 21,503
2025-06-04 05:10:48,872 - builder - INFO - Модель успешно построена. Параметры: 21,503
2025-06-04 05:10:53,599 - evaluator - INFO - [Worker 10] Оценка завершена: val_loss=0.0024, model_size=12449, train_time=28.42s
2025-06-04 05:10:54,099 - evaluator - INFO - [Worker 11] Начинаем билд и обучение для архитектуры: [{'layer': 'Dense', 'units': 128, 'activation': 'linear', 'kernel_regularizer': None, 'dropout': 0.3}, {'layer': 'Dense', 'units': 32, 'activation': 'elu', 'kernel_regularizer': 'L1', 'coef_regularizer': 0.001, 'dropout': 0.2}, {'layer': 'Conv1D', 'filters': 128, 'kernel_size': 9, 'strides': 1, 'padding': 'valid', 'activation': 'linear', 'batch_norm': False, 'dropout': 0.0, 'pooling': None}]
2025-06-04 05:10:54,100 - builder - INFO - Начинаем построение модели. Input shape: (30,)
2025-06-04 05:10:54,101 - builder - INFO - Построение последовательной архитектуры из 3 слоёв
2025-06-04 05:10:54,173 - builder - INFO - Добавляем финальный Dense(1)
2025-06-04 05:10:54,194 - builder - INFO - Модель финализирована: вход (None, 30), выход (None, 1), params 12,449
2025-06-04 05:10:54,195 - builder - INFO - Модель успешно построена. Параметры: 12,449
2025-06-04 05:11:17,277 - evaluator - INFO - [Worker 8] Оценка завершена: val_loss=0.0030, model_size=27873, train_time=54.84s
2025-06-04 05:11:17,781 - evaluator - INFO - [Worker 9] Начинаем билд и обучение для архитектуры: [{'layer': 'GRU', 'units': 64, 'activation': 'tanh', 'return_sequences': True, 'dropout': 0.1, 'recurrent_dropout': 0.0}, {'layer': 'GRU', 'units': 32, 'activation': 'tanh', 'return_sequences': False, 'dropout': 0.1, 'recurrent_dropout': 0.0}, {'layer': 'Dense', 'units': 1, 'activation': 'linear', 'kernel_regularizer': None, 'dropout': 0.0}]
2025-06-04 05:11:17,782 - builder - INFO - Начинаем построение модели. Input shape: (30,)
2025-06-04 05:11:17,783 - builder - INFO - Построение последовательной архитектуры из 3 слоёв
2025-06-04 05:11:17,901 - builder - INFO - Модель финализирована: вход (None, 30), выход (None, 1), params 27,873
2025-06-04 05:11:17,902 - builder - INFO - Модель успешно построена. Параметры: 27,873
2025-06-04 05:11:19,571 - evaluator - INFO - [Worker 11] Оценка завершена: val_loss=0.0014, model_size=12449, train_time=25.35s
2025-06-04 05:11:20,158 - evaluator - INFO - [Worker 12] Начинаем билд и обучение для архитектуры: [{'layer': 'Dense', 'units': 128, 'activation': 'tanh', 'kernel_regularizer': 'L2', 'coef_regularizer': 0.0007051894994220409, 'dropout': 0.0}, {'layer': 'LSTM', 'units': 40, 'activation': 'tanh', 'return_sequences': True, 'dropout': 0.1, 'recurrent_dropout': 0.0, 'recurrent_activation': 'sigmoid', 'use_bias': True}, {'layer': 'Dense', 'units': 64, 'activation': 'elu', 'kernel_regularizer': 'L2', 'coef_regularizer': 0.003928771158613264, 'dropout': 0.3}, {'layer': 'Dense', 'units': 48, 'activation': 'elu', 'kernel_regularizer': 'L1', 'coef_regularizer': 0.001, 'dropout': 0.3}, {'layer': 'RNN', 'units': 32, 'activation': 'tanh', 'return_sequences': True, 'dropout': 0.0, 'recurrent_dropout': 0.0, 'bidirectional': True}]
2025-06-04 05:11:20,159 - builder - INFO - Начинаем построение модели. Input shape: (30,)
2025-06-04 05:11:20,162 - builder - INFO - Построение последовательной архитектуры из 5 слоёв
2025-06-04 05:11:20,394 - builder - INFO - Добавляем финальный Dense(1)
2025-06-04 05:11:20,422 - builder - INFO - Модель финализирована: вход (None, 30), выход (None, 1), params 42,319
2025-06-04 05:11:20,422 - builder - INFO - Модель успешно построена. Параметры: 42,319
2025-06-04 05:11:29,007 - evaluator - INFO - [Worker 7] Оценка завершена: val_loss=0.0010, model_size=21503, train_time=40.11s
2025-06-04 05:11:29,710 - evaluator - INFO - [Worker 14] Начинаем билд и обучение для архитектуры: [{'layer': 'GRU', 'units': 64, 'activation': 'tanh', 'return_sequences': True, 'dropout': 0.1, 'recurrent_dropout': 0.0}, {'layer': 'LSTM', 'units': 32, 'activation': 'tanh', 'return_sequences': True, 'dropout': 0.1, 'recurrent_dropout': 0.0, 'recurrent_activation': 'sigmoid', 'use_bias': True}, {'layer': 'Conv1D', 'filters': 128, 'kernel_size': 5, 'strides': 1, 'padding': 'valid', 'activation': 'swish', 'batch_norm': True, 'dropout': 0.1, 'pooling': 'max3'}]
2025-06-04 05:11:29,710 - builder - INFO - Начинаем построение модели. Input shape: (30,)
2025-06-04 05:11:29,712 - builder - INFO - Построение последовательной архитектуры из 3 слоёв
2025-06-04 05:11:29,847 - builder - WARNING - В Conv1D seq_2_Conv1D_3: kernel_size (5) > seq_len (1), меняем padding на 'same'
2025-06-04 05:11:29,892 - builder - WARNING - Пропускаем MaxPool3 в seq_2_Conv1D_3, seq_len=1 < 3
2025-06-04 05:11:29,893 - builder - INFO - Добавляем финальный Dense(1)
2025-06-04 05:11:29,919 - builder - INFO - Модель финализирована: вход (None, 30), выход (None, 1), params 51,969
2025-06-04 05:11:29,920 - builder - INFO - Модель успешно построена. Параметры: 51,969
2025-06-04 05:11:39,183 - evaluator - INFO - [Worker 5] Оценка завершена: val_loss=0.0034, model_size=27873, train_time=55.07s
2025-06-04 05:11:39,694 - evaluator - INFO - [Worker 16] Начинаем билд и обучение для архитектуры: [{'layer': 'Conv1D', 'filters': 32, 'kernel_size': 3, 'strides': 1, 'padding': 'same', 'activation': 'swish', 'batch_norm': True, 'dropout': 0.1, 'pooling': 'max2'}, {'layer': 'GRU', 'units': 64, 'activation': 'tanh', 'return_sequences': False, 'dropout': 0.0, 'recurrent_dropout': 0.0}, {'layer': 'Dense', 'units': 1, 'activation': 'linear', 'kernel_regularizer': 'L1', 'coef_regularizer': 0.0001, 'dropout': 0.0}]
2025-06-04 05:11:39,696 - builder - INFO - Начинаем построение модели. Input shape: (30,)
2025-06-04 05:11:39,698 - builder - INFO - Построение последовательной архитектуры из 3 слоёв
2025-06-04 05:11:39,988 - builder - INFO - Модель финализирована: вход (None, 30), выход (None, 1), params 19,105
2025-06-04 05:11:39,989 - builder - INFO - Модель успешно построена. Параметры: 19,105
